<?xml version="1.0" encoding="UTF-8"?>
<!-- Generated by org.testng.reporters.JUnitXMLReporter -->
<testsuite ignored="0" hostname="DESKTOP-F5MTO4C" failures="0" tests="8" name="Default test" time="474.391" errors="0" timestamp="2025-05-08T15:03:20 NPT">
  <testcase classname="Test.BuyDataPackTest" name="testRenewalPack" time="175.093"/>
  <testcase classname="Test.BuyDataPackTest" name="testDoubleData" time="41.129"/>
  <testcase classname="Test.BuyDataPackTest" name="testTopSellers" time="33.729"/>
  <testcase classname="Test.BuyDataPackTest" name="sidhaon" time="34.921"/>
  <testcase classname="Test.BuyDataPackTest" name="onethreedays" time="27.856"/>
  <testcase classname="Test.BuyDataPackTest" name="testSevenDay" time="27.229"/>
  <testcase classname="Test.BuyDataPackTest" name="testTwentyEightDays" time="52.158"/>
  <testcase classname="Test.BuyDataPackTest" name="testEightyFourDays" time="27.188"/>
</testsuite> <!-- Default test -->
