<?xml version="1.0" encoding="UTF-8"?>
<!-- Generated by org.testng.reporters.JUnitXMLReporter -->
<testsuite ignored="0" hostname="DESKTOP-F5MTO4C" failures="0" tests="3" name="Test" time="217.112" errors="0" timestamp="2025-04-24T11:22:14 NPT">
  <testcase classname="Test.NcellNSLTest" name="Spinandwin" time="157.814"/>
  <testcase classname="Test.NcellNSLTest" name="NSLLiveMatch" time="26.877"/>
  <testcase classname="Test.NcellNSLTest" name="FantasyLeague" time="7.325"/>
</testsuite> <!-- Test -->
