<?xml version="1.0" encoding="UTF-8"?>
<testsuite xmlns:xsi="http://www.w3.org/2001/XMLSchema-instance" xsi:noNamespaceSchemaLocation="https://maven.apache.org/surefire/maven-surefire-plugin/xsd/surefire-test-report-3.0.xsd" version="3.0" name="TestSuite" time="476.404" tests="177" errors="0" skipped="151" failures="26">
  <properties>
[...]
</properties>
  <testcase name="setup" classname="Test.AppOnlyOfferTest" time="51.418">
    <failure message="Unable to create a new remote session. Please check the server log for more details. Original error: An unknown server-side error occurred while processing the command. Original error: &apos;GET /appium/device/pixel_ratio&apos; cannot be proxied to UiAutomator2 server because the instrumentation process is not running (probably crashed). Check the server log and/or the logcat output for more details&#10;Build info: version: &apos;3.141.59&apos;, revision: &apos;e82be7d358&apos;, time: &apos;2018-11-14T08:17:03&apos;&#10;System info: host: &apos;DESKTOP-F5MTO4C&apos;, ip: &apos;10.9.38.148&apos;, os.name: &apos;Windows 10&apos;, os.arch: &apos;amd64&apos;, os.version: &apos;10.0&apos;, java.version: &apos;21.0.6&apos;&#10;Driver info: driver.version: AndroidDriver&#10;remote stacktrace: UnknownError: An unknown server-side error occurred while processing the command. Original error: &apos;GET /appium/device/pixel_ratio&apos; cannot be proxied to UiAutomator2 server because the instrumentation process is not running (probably crashed). Check the server log and/or the logcat output for more details&#10;    at UIA2Proxy.command (C:\Users\User\AppData\Local\Programs\Appium Server GUI\resources\app\node_modules\appium\node_modules\appium-base-driver\lib\jsonwp-proxy\proxy.js:274:13)&#10;    at AndroidUiautomator2Driver.commands.getDevicePixelRatio (C:\Users\User\AppData\Local\Programs\Appium Server GUI\resources\app\node_modules\appium\node_modules\appium-uiautomator2-driver\lib\commands\viewport.js:14:10)&#10;    at AndroidUiautomator2Driver.fillDeviceDetails (C:\Users\User\AppData\Local\Programs\Appium Server GUI\resources\app\node_modules\appium\node_modules\appium-uiautomator2-driver\lib\driver.js:244:28)&#10;    at AndroidUiautomator2Driver.createSession (C:\Users\User\AppData\Local\Programs\Appium Server GUI\resources\app\node_modules\appium\node_modules\appium-uiautomator2-driver\lib\driver.js:230:7)&#10;    at AppiumDriver.createSession (C:\Users\User\AppData\Local\Programs\Appium Server GUI\resources\app\node_modules\appium\lib\appium.js:387:35)&#10;Build info: version: &apos;3.141.59&apos;, revision: &apos;e82be7d358&apos;, time: &apos;2018-11-14T08:17:03&apos;&#10;System info: host: &apos;DESKTOP-F5MTO4C&apos;, ip: &apos;10.9.38.148&apos;, os.name: &apos;Windows 10&apos;, os.arch: &apos;amd64&apos;, os.version: &apos;10.0&apos;, java.version: &apos;21.0.6&apos;&#10;Driver info: driver.version: AndroidDriver" type="org.openqa.selenium.SessionNotCreatedException"><![CDATA[org.openqa.selenium.SessionNotCreatedException: 
Unable to create a new remote session. Please check the server log for more details. Original error: An unknown server-side error occurred while processing the command. Original error: 'GET /appium/device/pixel_ratio' cannot be proxied to UiAutomator2 server because the instrumentation process is not running (probably crashed). Check the server log and/or the logcat output for more details
Build info: version: '3.141.59', revision: 'e82be7d358', time: '2018-11-14T08:17:03'
System info: host: 'DESKTOP-F5MTO4C', ip: '10.9.38.148', os.name: 'Windows 10', os.arch: 'amd64', os.version: '10.0', java.version: '21.0.6'
Driver info: driver.version: AndroidDriver
remote stacktrace: UnknownError: An unknown server-side error occurred while processing the command. Original error: 'GET /appium/device/pixel_ratio' cannot be proxied to UiAutomator2 server because the instrumentation process is not running (probably crashed). Check the server log and/or the logcat output for more details
    at UIA2Proxy.command (C:\Users\User\AppData\Local\Programs\Appium Server GUI\resources\app\node_modules\appium\node_modules\appium-base-driver\lib\jsonwp-proxy\proxy.js:274:13)
    at AndroidUiautomator2Driver.commands.getDevicePixelRatio (C:\Users\User\AppData\Local\Programs\Appium Server GUI\resources\app\node_modules\appium\node_modules\appium-uiautomator2-driver\lib\commands\viewport.js:14:10)
    at AndroidUiautomator2Driver.fillDeviceDetails (C:\Users\User\AppData\Local\Programs\Appium Server GUI\resources\app\node_modules\appium\node_modules\appium-uiautomator2-driver\lib\driver.js:244:28)
    at AndroidUiautomator2Driver.createSession (C:\Users\User\AppData\Local\Programs\Appium Server GUI\resources\app\node_modules\appium\node_modules\appium-uiautomator2-driver\lib\driver.js:230:7)
    at AppiumDriver.createSession (C:\Users\User\AppData\Local\Programs\Appium Server GUI\resources\app\node_modules\appium\lib\appium.js:387:35)
Build info: version: '3.141.59', revision: 'e82be7d358', time: '2018-11-14T08:17:03'
System info: host: 'DESKTOP-F5MTO4C', ip: '10.9.38.148', os.name: 'Windows 10', os.arch: 'amd64', os.version: '10.0', java.version: '21.0.6'
Driver info: driver.version: AndroidDriver
	at io.appium.java_client.remote.AppiumCommandExecutor$1.createSession(AppiumCommandExecutor.java:216)
	at io.appium.java_client.remote.AppiumCommandExecutor.createSession(AppiumCommandExecutor.java:225)
	at io.appium.java_client.remote.AppiumCommandExecutor.execute(AppiumCommandExecutor.java:250)
	at org.openqa.selenium.remote.RemoteWebDriver.execute(RemoteWebDriver.java:552)
	at io.appium.java_client.DefaultGenericMobileDriver.execute(DefaultGenericMobileDriver.java:41)
	at io.appium.java_client.AppiumDriver.execute(AppiumDriver.java:1)
	at io.appium.java_client.android.AndroidDriver.execute(AndroidDriver.java:1)
	at org.openqa.selenium.remote.RemoteWebDriver.startSession(RemoteWebDriver.java:213)
	at io.appium.java_client.AppiumDriver.startSession(AppiumDriver.java:363)
	at org.openqa.selenium.remote.RemoteWebDriver.<init>(RemoteWebDriver.java:131)
	at io.appium.java_client.DefaultGenericMobileDriver.<init>(DefaultGenericMobileDriver.java:37)
	at io.appium.java_client.AppiumDriver.<init>(AppiumDriver.java:89)
	at io.appium.java_client.AppiumDriver.<init>(AppiumDriver.java:99)
	at io.appium.java_client.android.AndroidDriver.<init>(AndroidDriver.java:97)
	at Base.BaseTest.setup(BaseTest.java:37)
	at java.base/jdk.internal.reflect.DirectMethodHandleAccessor.invoke(DirectMethodHandleAccessor.java:103)
	at java.base/java.lang.reflect.Method.invoke(Method.java:580)
	at org.testng.internal.invokers.MethodInvocationHelper.invokeMethod(MethodInvocationHelper.java:139)
	at org.testng.internal.invokers.MethodInvocationHelper.invokeMethodConsideringTimeout(MethodInvocationHelper.java:69)
	at org.testng.internal.invokers.ConfigInvoker.invokeConfigurationMethod(ConfigInvoker.java:361)
	at org.testng.internal.invokers.ConfigInvoker.invokeConfigurations(ConfigInvoker.java:296)
	at org.testng.internal.invokers.TestMethodWorker.invokeBeforeClassMethods(TestMethodWorker.java:180)
	at org.testng.internal.invokers.TestMethodWorker.run(TestMethodWorker.java:122)
	at java.base/java.util.ArrayList.forEach(ArrayList.java:1596)
	at org.testng.TestRunner.privateRun(TestRunner.java:806)
	at org.testng.TestRunner.run(TestRunner.java:601)
	at org.testng.SuiteRunner.runTest(SuiteRunner.java:433)
	at org.testng.SuiteRunner.runSequentially(SuiteRunner.java:427)
	at org.testng.SuiteRunner.privateRun(SuiteRunner.java:387)
	at org.testng.SuiteRunner.run(SuiteRunner.java:330)
	at org.testng.SuiteRunnerWorker.runSuite(SuiteRunnerWorker.java:52)
	at org.testng.SuiteRunnerWorker.run(SuiteRunnerWorker.java:95)
	at org.testng.TestNG.runSuitesSequentially(TestNG.java:1256)
	at org.testng.TestNG.runSuitesLocally(TestNG.java:1176)
	at org.testng.TestNG.runSuites(TestNG.java:1099)
	at org.testng.TestNG.run(TestNG.java:1067)
	at org.apache.maven.surefire.testng.TestNGExecutor.run(TestNGExecutor.java:151)
	at org.apache.maven.surefire.testng.TestNGDirectoryTestSuite.executeMulti(TestNGDirectoryTestSuite.java:192)
	at org.apache.maven.surefire.testng.TestNGDirectoryTestSuite.execute(TestNGDirectoryTestSuite.java:93)
	at org.apache.maven.surefire.testng.TestNGProvider.invoke(TestNGProvider.java:155)
	at org.apache.maven.surefire.booter.ForkedBooter.runSuitesInProcess(ForkedBooter.java:456)
	at org.apache.maven.surefire.booter.ForkedBooter.execute(ForkedBooter.java:169)
	at org.apache.maven.surefire.booter.ForkedBooter.run(ForkedBooter.java:595)
	at org.apache.maven.surefire.booter.ForkedBooter.main(ForkedBooter.java:581)
Caused by: java.lang.reflect.InvocationTargetException
	at java.base/jdk.internal.reflect.DirectMethodHandleAccessor.invoke(DirectMethodHandleAccessor.java:118)
	at java.base/java.lang.reflect.Method.invoke(Method.java:580)
	at io.appium.java_client.remote.AppiumCommandExecutor$1.createSession(AppiumCommandExecutor.java:193)
	... 43 more
Caused by: org.openqa.selenium.WebDriverException: An unknown server-side error occurred while processing the command. Original error: 'GET /appium/device/pixel_ratio' cannot be proxied to UiAutomator2 server because the instrumentation process is not running (probably crashed). Check the server log and/or the logcat output for more details
Build info: version: '3.141.59', revision: 'e82be7d358', time: '2018-11-14T08:17:03'
System info: host: 'DESKTOP-F5MTO4C', ip: '10.9.38.148', os.name: 'Windows 10', os.arch: 'amd64', os.version: '10.0', java.version: '21.0.6'
Driver info: driver.version: AndroidDriver
remote stacktrace: UnknownError: An unknown server-side error occurred while processing the command. Original error: 'GET /appium/device/pixel_ratio' cannot be proxied to UiAutomator2 server because the instrumentation process is not running (probably crashed). Check the server log and/or the logcat output for more details
    at UIA2Proxy.command (C:\Users\User\AppData\Local\Programs\Appium Server GUI\resources\app\node_modules\appium\node_modules\appium-base-driver\lib\jsonwp-proxy\proxy.js:274:13)
    at AndroidUiautomator2Driver.commands.getDevicePixelRatio (C:\Users\User\AppData\Local\Programs\Appium Server GUI\resources\app\node_modules\appium\node_modules\appium-uiautomator2-driver\lib\commands\viewport.js:14:10)
    at AndroidUiautomator2Driver.fillDeviceDetails (C:\Users\User\AppData\Local\Programs\Appium Server GUI\resources\app\node_modules\appium\node_modules\appium-uiautomator2-driver\lib\driver.js:244:28)
    at AndroidUiautomator2Driver.createSession (C:\Users\User\AppData\Local\Programs\Appium Server GUI\resources\app\node_modules\appium\node_modules\appium-uiautomator2-driver\lib\driver.js:230:7)
    at AppiumDriver.createSession (C:\Users\User\AppData\Local\Programs\Appium Server GUI\resources\app\node_modules\appium\lib\appium.js:387:35)
	at java.base/jdk.internal.reflect.DirectConstructorHandleAccessor.newInstance(DirectConstructorHandleAccessor.java:62)
	at java.base/java.lang.reflect.Constructor.newInstanceWithCaller(Constructor.java:502)
	at java.base/java.lang.reflect.Constructor.newInstance(Constructor.java:486)
	at org.openqa.selenium.remote.W3CHandshakeResponse.lambda$errorHandler$0(W3CHandshakeResponse.java:62)
	at org.openqa.selenium.remote.HandshakeResponse.lambda$getResponseFunction$0(HandshakeResponse.java:30)
	at org.openqa.selenium.remote.ProtocolHandshake.lambda$createSession$0(ProtocolHandshake.java:126)
	at java.base/java.util.stream.ReferencePipeline$3$1.accept(ReferencePipeline.java:197)
	at java.base/java.util.Spliterators$ArraySpliterator.tryAdvance(Spliterators.java:1034)
	at java.base/java.util.stream.ReferencePipeline.forEachWithCancel(ReferencePipeline.java:129)
	at java.base/java.util.stream.AbstractPipeline.copyIntoWithCancel(AbstractPipeline.java:527)
	at java.base/java.util.stream.AbstractPipeline.copyInto(AbstractPipeline.java:513)
	at java.base/java.util.stream.AbstractPipeline.wrapAndCopyInto(AbstractPipeline.java:499)
	at java.base/java.util.stream.FindOps$FindOp.evaluateSequential(FindOps.java:150)
	at java.base/java.util.stream.AbstractPipeline.evaluate(AbstractPipeline.java:234)
	at java.base/java.util.stream.ReferencePipeline.findFirst(ReferencePipeline.java:647)
	at org.openqa.selenium.remote.ProtocolHandshake.createSession(ProtocolHandshake.java:128)
	at java.base/jdk.internal.reflect.DirectMethodHandleAccessor.invoke(DirectMethodHandleAccessor.java:103)
	... 45 more
]]></failure>
    <system-out><![CDATA[14:55:49.372 [main] DEBUG org.testng.internal.Graph - [Graph] ADDING NODE BaseTest.initializeReport()[pri:0, instance:null] -695359101
14:55:49.402 [main] DEBUG org.testng.internal.Graph - [Graph] ================ SORTING
14:55:49.415 [main] DEBUG org.testng.internal.Graph - [Graph] =============== DONE SORTING
14:55:49.416 [main] DEBUG org.testng.internal.Graph - [Graph] ====== SORTED NODES
14:55:49.416 [main] DEBUG org.testng.internal.Graph - [Graph] ====== END SORTED NODES
14:55:49.419 [main] DEBUG org.testng.internal.Graph - [Graph] ADDING NODE BaseTest.closeReport()[pri:0, instance:null] -359576341
14:55:49.419 [main] DEBUG org.testng.internal.Graph - [Graph] ================ SORTING
14:55:49.419 [main] DEBUG org.testng.internal.Graph - [Graph] =============== DONE SORTING
14:55:49.419 [main] DEBUG org.testng.internal.Graph - [Graph] ====== SORTED NODES
14:55:49.419 [main] DEBUG org.testng.internal.Graph - [Graph] ====== END SORTED NODES
14:55:49.423 [main] DEBUG org.testng.internal.Graph - [Graph] ADDING NODE BaseTest.setup()[pri:0, instance:null] -338447332
14:55:49.424 [main] DEBUG org.testng.internal.Graph - [Graph] ================ SORTING
14:55:49.424 [main] DEBUG org.testng.internal.Graph - [Graph] =============== DONE SORTING
14:55:49.424 [main] DEBUG org.testng.internal.Graph - [Graph] ====== SORTED NODES
14:55:49.424 [main] DEBUG org.testng.internal.Graph - [Graph] ====== END SORTED NODES
14:55:49.426 [main] DEBUG org.testng.internal.Graph - [Graph] ADDING NODE BaseTest.tearDown()[pri:0, instance:null] 1906136003
14:55:49.427 [main] DEBUG org.testng.internal.Graph - [Graph] ================ SORTING
14:55:49.427 [main] DEBUG org.testng.internal.Graph - [Graph] =============== DONE SORTING
14:55:49.428 [main] DEBUG org.testng.internal.Graph - [Graph] ====== SORTED NODES
14:55:49.429 [main] DEBUG org.testng.internal.Graph - [Graph] ====== END SORTED NODES
14:55:49.438 [main] DEBUG org.testng.internal.Graph - [Graph] ADDING NODE BaseTest.beforeMethod(java.lang.reflect.Method)[pri:0, instance:null] 338077919
14:55:49.439 [main] DEBUG org.testng.internal.Graph - [Graph] ================ SORTING
14:55:49.439 [main] DEBUG org.testng.internal.Graph - [Graph] =============== DONE SORTING
14:55:49.439 [main] DEBUG org.testng.internal.Graph - [Graph] ====== SORTED NODES
14:55:49.439 [main] DEBUG org.testng.internal.Graph - [Graph] ====== END SORTED NODES
14:55:49.487 [main] DEBUG org.testng.internal.Graph - [Graph] ADDING NODE BaseTest.initializeReport()[pri:0, instance:null] -695359101
14:55:49.487 [main] DEBUG org.testng.internal.Graph - [Graph] ================ SORTING
14:55:49.487 [main] DEBUG org.testng.internal.Graph - [Graph] =============== DONE SORTING
14:55:49.488 [main] DEBUG org.testng.internal.Graph - [Graph] ====== SORTED NODES
14:55:49.488 [main] DEBUG org.testng.internal.Graph - [Graph] ====== END SORTED NODES
14:55:49.490 [main] DEBUG org.testng.internal.Graph - [Graph] ADDING NODE BaseTest.closeReport()[pri:0, instance:null] -359576341
14:55:49.490 [main] DEBUG org.testng.internal.Graph - [Graph] ================ SORTING
14:55:49.490 [main] DEBUG org.testng.internal.Graph - [Graph] =============== DONE SORTING
14:55:49.491 [main] DEBUG org.testng.internal.Graph - [Graph] ====== SORTED NODES
14:55:49.491 [main] DEBUG org.testng.internal.Graph - [Graph] ====== END SORTED NODES
14:55:49.501 [main] DEBUG org.testng.internal.Graph - [Graph] ADDING NODE BaseTest.setup()[pri:0, instance:null] -338447332
14:55:49.501 [main] DEBUG org.testng.internal.Graph - [Graph] ================ SORTING
14:55:49.502 [main] DEBUG org.testng.internal.Graph - [Graph] =============== DONE SORTING
14:55:49.502 [main] DEBUG org.testng.internal.Graph - [Graph] ====== SORTED NODES
14:55:49.502 [main] DEBUG org.testng.internal.Graph - [Graph] ====== END SORTED NODES
14:55:49.504 [main] DEBUG org.testng.internal.Graph - [Graph] ADDING NODE BaseTest.tearDown()[pri:0, instance:null] 1906136003
14:55:49.504 [main] DEBUG org.testng.internal.Graph - [Graph] ================ SORTING
14:55:49.504 [main] DEBUG org.testng.internal.Graph - [Graph] =============== DONE SORTING
14:55:49.504 [main] DEBUG org.testng.internal.Graph - [Graph] ====== SORTED NODES
14:55:49.504 [main] DEBUG org.testng.internal.Graph - [Graph] ====== END SORTED NODES
14:55:49.507 [main] DEBUG org.testng.internal.Graph - [Graph] ADDING NODE BaseTest.beforeMethod(java.lang.reflect.Method)[pri:0, instance:null] 338077919
14:55:49.507 [main] DEBUG org.testng.internal.Graph - [Graph] ================ SORTING
14:55:49.508 [main] DEBUG org.testng.internal.Graph - [Graph] =============== DONE SORTING
14:55:49.508 [main] DEBUG org.testng.internal.Graph - [Graph] ====== SORTED NODES
14:55:49.508 [main] DEBUG org.testng.internal.Graph - [Graph] ====== END SORTED NODES
14:55:49.552 [main] DEBUG org.testng.internal.Graph - [Graph] ADDING NODE BaseTest.initializeReport()[pri:0, instance:null] -695359101
14:55:49.553 [main] DEBUG org.testng.internal.Graph - [Graph] ================ SORTING
14:55:49.554 [main] DEBUG org.testng.internal.Graph - [Graph] =============== DONE SORTING
14:55:49.555 [main] DEBUG org.testng.internal.Graph - [Graph] ====== SORTED NODES
14:55:49.557 [main] DEBUG org.testng.internal.Graph - [Graph] ====== END SORTED NODES
14:55:49.572 [main] DEBUG org.testng.internal.Graph - [Graph] ADDING NODE BaseTest.closeReport()[pri:0, instance:null] -359576341
14:55:49.582 [main] DEBUG org.testng.internal.Graph - [Graph] ================ SORTING
14:55:49.583 [main] DEBUG org.testng.internal.Graph - [Graph] =============== DONE SORTING
14:55:49.584 [main] DEBUG org.testng.internal.Graph - [Graph] ====== SORTED NODES
14:55:49.584 [main] DEBUG org.testng.internal.Graph - [Graph] ====== END SORTED NODES
14:55:49.607 [main] DEBUG org.testng.internal.Graph - [Graph] ADDING NODE BaseTest.setup()[pri:0, instance:null] -338447332
14:55:49.608 [main] DEBUG org.testng.internal.Graph - [Graph] ================ SORTING
14:55:49.608 [main] DEBUG org.testng.internal.Graph - [Graph] =============== DONE SORTING
14:55:49.608 [main] DEBUG org.testng.internal.Graph - [Graph] ====== SORTED NODES
14:55:49.608 [main] DEBUG org.testng.internal.Graph - [Graph] ====== END SORTED NODES
14:55:49.614 [main] DEBUG org.testng.internal.Graph - [Graph] ADDING NODE BaseTest.tearDown()[pri:0, instance:null] 1906136003
14:55:49.615 [main] DEBUG org.testng.internal.Graph - [Graph] ================ SORTING
14:55:49.616 [main] DEBUG org.testng.internal.Graph - [Graph] =============== DONE SORTING
14:55:49.616 [main] DEBUG org.testng.internal.Graph - [Graph] ====== SORTED NODES
14:55:49.616 [main] DEBUG org.testng.internal.Graph - [Graph] ====== END SORTED NODES
14:55:49.639 [main] DEBUG org.testng.internal.Graph - [Graph] ADDING NODE BaseTest.beforeMethod(java.lang.reflect.Method)[pri:0, instance:null] 338077919
14:55:49.639 [main] DEBUG org.testng.internal.Graph - [Graph] ================ SORTING
14:55:49.639 [main] DEBUG org.testng.internal.Graph - [Graph] =============== DONE SORTING
14:55:49.639 [main] DEBUG org.testng.internal.Graph - [Graph] ====== SORTED NODES
14:55:49.640 [main] DEBUG org.testng.internal.Graph - [Graph] ====== END SORTED NODES
14:55:49.658 [main] DEBUG org.testng.internal.Graph - [Graph] ADDING NODE BaseTest.initializeReport()[pri:0, instance:null] -695359101
14:55:49.658 [main] DEBUG org.testng.internal.Graph - [Graph] ================ SORTING
14:55:49.659 [main] DEBUG org.testng.internal.Graph - [Graph] =============== DONE SORTING
14:55:49.659 [main] DEBUG org.testng.internal.Graph - [Graph] ====== SORTED NODES
14:55:49.659 [main] DEBUG org.testng.internal.Graph - [Graph] ====== END SORTED NODES
14:55:49.665 [main] DEBUG org.testng.internal.Graph - [Graph] ADDING NODE BaseTest.closeReport()[pri:0, instance:null] -359576341
14:55:49.665 [main] DEBUG org.testng.internal.Graph - [Graph] ================ SORTING
14:55:49.666 [main] DEBUG org.testng.internal.Graph - [Graph] =============== DONE SORTING
14:55:49.667 [main] DEBUG org.testng.internal.Graph - [Graph] ====== SORTED NODES
14:55:49.669 [main] DEBUG org.testng.internal.Graph - [Graph] ====== END SORTED NODES
14:55:49.688 [main] DEBUG org.testng.internal.Graph - [Graph] ADDING NODE BaseTest.setup()[pri:0, instance:null] -338447332
14:55:49.689 [main] DEBUG org.testng.internal.Graph - [Graph] ================ SORTING
14:55:49.691 [main] DEBUG org.testng.internal.Graph - [Graph] =============== DONE SORTING
14:55:49.691 [main] DEBUG org.testng.internal.Graph - [Graph] ====== SORTED NODES
14:55:49.691 [main] DEBUG org.testng.internal.Graph - [Graph] ====== END SORTED NODES
14:55:49.728 [main] DEBUG org.testng.internal.Graph - [Graph] ADDING NODE BaseTest.tearDown()[pri:0, instance:null] 1906136003
14:55:49.729 [main] DEBUG org.testng.internal.Graph - [Graph] ================ SORTING
14:55:49.729 [main] DEBUG org.testng.internal.Graph - [Graph] =============== DONE SORTING
14:55:49.729 [main] DEBUG org.testng.internal.Graph - [Graph] ====== SORTED NODES
14:55:49.729 [main] DEBUG org.testng.internal.Graph - [Graph] ====== END SORTED NODES
14:55:49.731 [main] DEBUG org.testng.internal.Graph - [Graph] ADDING NODE BaseTest.beforeMethod(java.lang.reflect.Method)[pri:0, instance:null] 338077919
14:55:49.731 [main] DEBUG org.testng.internal.Graph - [Graph] ================ SORTING
14:55:49.731 [main] DEBUG org.testng.internal.Graph - [Graph] =============== DONE SORTING
14:55:49.731 [main] DEBUG org.testng.internal.Graph - [Graph] ====== SORTED NODES
14:55:49.731 [main] DEBUG org.testng.internal.Graph - [Graph] ====== END SORTED NODES
14:55:49.744 [main] DEBUG org.testng.internal.Graph - [Graph] ADDING NODE BaseTest.initializeReport()[pri:0, instance:null] -695359101
14:55:49.744 [main] DEBUG org.testng.internal.Graph - [Graph] ================ SORTING
14:55:49.745 [main] DEBUG org.testng.internal.Graph - [Graph] =============== DONE SORTING
14:55:49.745 [main] DEBUG org.testng.internal.Graph - [Graph] ====== SORTED NODES
14:55:49.745 [main] DEBUG org.testng.internal.Graph - [Graph] ====== END SORTED NODES
14:55:49.747 [main] DEBUG org.testng.internal.Graph - [Graph] ADDING NODE BaseTest.closeReport()[pri:0, instance:null] -359576341
14:55:49.747 [main] DEBUG org.testng.internal.Graph - [Graph] ================ SORTING
14:55:49.747 [main] DEBUG org.testng.internal.Graph - [Graph] =============== DONE SORTING
14:55:49.747 [main] DEBUG org.testng.internal.Graph - [Graph] ====== SORTED NODES
14:55:49.747 [main] DEBUG org.testng.internal.Graph - [Graph] ====== END SORTED NODES
14:55:49.753 [main] DEBUG org.testng.internal.Graph - [Graph] ADDING NODE BaseTest.setup()[pri:0, instance:null] -338447332
14:55:49.753 [main] DEBUG org.testng.internal.Graph - [Graph] ADDING NODE BuyDataPackTest.setUpPage()[pri:0, instance:null] 147464882
14:55:49.757 [main] DEBUG org.testng.internal.Graph - [Graph]   ADDING PREDECESSOR FOR BuyDataPackTest.setUpPage()[pri:0, instance:null] ==> BaseTest.setup()[pri:0, instance:null]
14:55:49.769 [main] DEBUG org.testng.internal.Graph - [Graph]   REMOVED BaseTest.setup()[pri:0, instance:null] FROM INDEPENDENT OBJECTS
14:55:49.769 [main] DEBUG org.testng.internal.Graph - [Graph] ================ SORTING
14:55:49.770 [main] DEBUG org.testng.internal.Graph - [Graph]   ADDING PREDECESSOR FOR BuyDataPackTest.setUpPage()[pri:0, instance:null] ==> BaseTest.setup()[pri:0, instance:null]
14:55:49.851 [main] DEBUG org.testng.internal.Graph - [Graph]   REMOVED PRED BaseTest.setup()[pri:0, instance:null] FROM NODE BuyDataPackTest.setUpPage()[pri:0, instance:null]
14:55:49.851 [main] DEBUG org.testng.internal.Graph - [Graph] =============== DONE SORTING
14:55:49.851 [main] DEBUG org.testng.internal.Graph - [Graph] ====== SORTED NODES
14:55:49.852 [main] DEBUG org.testng.internal.Graph - [Graph]               BaseTest.setup()[pri:0, instance:null]
14:55:49.853 [main] DEBUG org.testng.internal.Graph - [Graph]               BuyDataPackTest.setUpPage()[pri:0, instance:null]
14:55:49.854 [main] DEBUG org.testng.internal.Graph - [Graph] ====== END SORTED NODES
14:55:49.856 [main] DEBUG org.testng.internal.Graph - [Graph] ADDING NODE BaseTest.tearDown()[pri:0, instance:null] 1906136003
14:55:49.857 [main] DEBUG org.testng.internal.Graph - [Graph] ================ SORTING
14:55:49.857 [main] DEBUG org.testng.internal.Graph - [Graph] =============== DONE SORTING
14:55:49.858 [main] DEBUG org.testng.internal.Graph - [Graph] ====== SORTED NODES
14:55:49.865 [main] DEBUG org.testng.internal.Graph - [Graph] ====== END SORTED NODES
14:55:49.868 [main] DEBUG org.testng.internal.Graph - [Graph] ADDING NODE BaseTest.beforeMethod(java.lang.reflect.Method)[pri:0, instance:null] 338077919
14:55:49.868 [main] DEBUG org.testng.internal.Graph - [Graph] ================ SORTING
14:55:49.868 [main] DEBUG org.testng.internal.Graph - [Graph] =============== DONE SORTING
14:55:49.868 [main] DEBUG org.testng.internal.Graph - [Graph] ====== SORTED NODES
14:55:49.868 [main] DEBUG org.testng.internal.Graph - [Graph] ====== END SORTED NODES
14:55:49.882 [main] DEBUG org.testng.internal.Graph - [Graph] ADDING NODE BaseTest.initializeReport()[pri:0, instance:null] -695359101
14:55:49.882 [main] DEBUG org.testng.internal.Graph - [Graph] ================ SORTING
14:55:49.883 [main] DEBUG org.testng.internal.Graph - [Graph] =============== DONE SORTING
14:55:49.883 [main] DEBUG org.testng.internal.Graph - [Graph] ====== SORTED NODES
14:55:49.883 [main] DEBUG org.testng.internal.Graph - [Graph] ====== END SORTED NODES
14:55:49.884 [main] DEBUG org.testng.internal.Graph - [Graph] ADDING NODE BaseTest.closeReport()[pri:0, instance:null] -359576341
14:55:49.884 [main] DEBUG org.testng.internal.Graph - [Graph] ================ SORTING
14:55:49.884 [main] DEBUG org.testng.internal.Graph - [Graph] =============== DONE SORTING
14:55:49.884 [main] DEBUG org.testng.internal.Graph - [Graph] ====== SORTED NODES
14:55:49.884 [main] DEBUG org.testng.internal.Graph - [Graph] ====== END SORTED NODES
14:55:49.891 [main] DEBUG org.testng.internal.Graph - [Graph] ADDING NODE BaseTest.setup()[pri:0, instance:null] -338447332
14:55:49.891 [main] DEBUG org.testng.internal.Graph - [Graph] ADDING NODE buyvoicepackTest.setUpPage()[pri:0, instance:null] 79778014
14:55:49.891 [main] DEBUG org.testng.internal.Graph - [Graph]   ADDING PREDECESSOR FOR buyvoicepackTest.setUpPage()[pri:0, instance:null] ==> BaseTest.setup()[pri:0, instance:null]
14:55:49.891 [main] DEBUG org.testng.internal.Graph - [Graph]   REMOVED BaseTest.setup()[pri:0, instance:null] FROM INDEPENDENT OBJECTS
14:55:49.892 [main] DEBUG org.testng.internal.Graph - [Graph] ================ SORTING
14:55:49.892 [main] DEBUG org.testng.internal.Graph - [Graph]   ADDING PREDECESSOR FOR buyvoicepackTest.setUpPage()[pri:0, instance:null] ==> BaseTest.setup()[pri:0, instance:null]
14:55:49.898 [main] DEBUG org.testng.internal.Graph - [Graph]   REMOVED PRED BaseTest.setup()[pri:0, instance:null] FROM NODE buyvoicepackTest.setUpPage()[pri:0, instance:null]
14:55:49.898 [main] DEBUG org.testng.internal.Graph - [Graph] =============== DONE SORTING
14:55:49.898 [main] DEBUG org.testng.internal.Graph - [Graph] ====== SORTED NODES
14:55:49.898 [main] DEBUG org.testng.internal.Graph - [Graph]               BaseTest.setup()[pri:0, instance:null]
14:55:49.898 [main] DEBUG org.testng.internal.Graph - [Graph]               buyvoicepackTest.setUpPage()[pri:0, instance:null]
14:55:49.898 [main] DEBUG org.testng.internal.Graph - [Graph] ====== END SORTED NODES
14:55:49.899 [main] DEBUG org.testng.internal.Graph - [Graph] ADDING NODE BaseTest.tearDown()[pri:0, instance:null] 1906136003
14:55:49.900 [main] DEBUG org.testng.internal.Graph - [Graph] ================ SORTING
14:55:49.900 [main] DEBUG org.testng.internal.Graph - [Graph] =============== DONE SORTING
14:55:49.900 [main] DEBUG org.testng.internal.Graph - [Graph] ====== SORTED NODES
14:55:49.900 [main] DEBUG org.testng.internal.Graph - [Graph] ====== END SORTED NODES
14:55:49.902 [main] DEBUG org.testng.internal.Graph - [Graph] ADDING NODE BaseTest.beforeMethod(java.lang.reflect.Method)[pri:0, instance:null] 338077919
14:55:49.903 [main] DEBUG org.testng.internal.Graph - [Graph] ================ SORTING
14:55:49.903 [main] DEBUG org.testng.internal.Graph - [Graph] =============== DONE SORTING
14:55:49.903 [main] DEBUG org.testng.internal.Graph - [Graph] ====== SORTED NODES
14:55:49.903 [main] DEBUG org.testng.internal.Graph - [Graph] ====== END SORTED NODES
14:55:49.905 [main] DEBUG org.testng.internal.Graph - [Graph] ADDING NODE BaseTest.initializeReport()[pri:0, instance:null] -695359101
14:55:49.906 [main] DEBUG org.testng.internal.Graph - [Graph] ================ SORTING
14:55:49.906 [main] DEBUG org.testng.internal.Graph - [Graph] =============== DONE SORTING
14:55:49.906 [main] DEBUG org.testng.internal.Graph - [Graph] ====== SORTED NODES
14:55:49.906 [main] DEBUG org.testng.internal.Graph - [Graph] ====== END SORTED NODES
14:55:49.908 [main] DEBUG org.testng.internal.Graph - [Graph] ADDING NODE BaseTest.closeReport()[pri:0, instance:null] -359576341
14:55:49.936 [main] DEBUG org.testng.internal.Graph - [Graph] ================ SORTING
14:55:49.936 [main] DEBUG org.testng.internal.Graph - [Graph] =============== DONE SORTING
14:55:49.936 [main] DEBUG org.testng.internal.Graph - [Graph] ====== SORTED NODES
14:55:49.937 [main] DEBUG org.testng.internal.Graph - [Graph] ====== END SORTED NODES
14:55:49.938 [main] DEBUG org.testng.internal.Graph - [Graph] ADDING NODE BaseTest.setup()[pri:0, instance:null] -338447332
14:55:49.938 [main] DEBUG org.testng.internal.Graph - [Graph] ================ SORTING
14:55:49.939 [main] DEBUG org.testng.internal.Graph - [Graph] =============== DONE SORTING
14:55:49.939 [main] DEBUG org.testng.internal.Graph - [Graph] ====== SORTED NODES
14:55:49.939 [main] DEBUG org.testng.internal.Graph - [Graph] ====== END SORTED NODES
14:55:49.940 [main] DEBUG org.testng.internal.Graph - [Graph] ADDING NODE BaseTest.tearDown()[pri:0, instance:null] 1906136003
14:55:49.940 [main] DEBUG org.testng.internal.Graph - [Graph] ================ SORTING
14:55:49.940 [main] DEBUG org.testng.internal.Graph - [Graph] =============== DONE SORTING
14:55:49.940 [main] DEBUG org.testng.internal.Graph - [Graph] ====== SORTED NODES
14:55:49.940 [main] DEBUG org.testng.internal.Graph - [Graph] ====== END SORTED NODES
14:55:49.946 [main] DEBUG org.testng.internal.Graph - [Graph] ADDING NODE BaseTest.beforeMethod(java.lang.reflect.Method)[pri:0, instance:null] 338077919
14:55:49.946 [main] DEBUG org.testng.internal.Graph - [Graph] ================ SORTING
14:55:49.946 [main] DEBUG org.testng.internal.Graph - [Graph] =============== DONE SORTING
14:55:49.947 [main] DEBUG org.testng.internal.Graph - [Graph] ====== SORTED NODES
14:55:49.947 [main] DEBUG org.testng.internal.Graph - [Graph] ====== END SORTED NODES
14:55:49.948 [main] DEBUG org.testng.internal.Graph - [Graph] ADDING NODE BaseTest.initializeReport()[pri:0, instance:null] -695359101
14:55:49.948 [main] DEBUG org.testng.internal.Graph - [Graph] ================ SORTING
14:55:49.949 [main] DEBUG org.testng.internal.Graph - [Graph] =============== DONE SORTING
14:55:49.949 [main] DEBUG org.testng.internal.Graph - [Graph] ====== SORTED NODES
14:55:49.949 [main] DEBUG org.testng.internal.Graph - [Graph] ====== END SORTED NODES
14:55:49.950 [main] DEBUG org.testng.internal.Graph - [Graph] ADDING NODE BaseTest.closeReport()[pri:0, instance:null] -359576341
14:55:49.950 [main] DEBUG org.testng.internal.Graph - [Graph] ================ SORTING
14:55:49.950 [main] DEBUG org.testng.internal.Graph - [Graph] =============== DONE SORTING
14:55:49.950 [main] DEBUG org.testng.internal.Graph - [Graph] ====== SORTED NODES
14:55:49.950 [main] DEBUG org.testng.internal.Graph - [Graph] ====== END SORTED NODES
14:55:49.952 [main] DEBUG org.testng.internal.Graph - [Graph] ADDING NODE DoubleDataOfferTest.setUpPage()[pri:0, instance:null] 801581626
14:55:49.953 [main] DEBUG org.testng.internal.Graph - [Graph]   ADDING PREDECESSOR FOR DoubleDataOfferTest.setUpPage()[pri:0, instance:null] ==> BaseTest.setup()[pri:0, instance:null]
14:55:49.954 [main] DEBUG org.testng.internal.Graph - [Graph]   REMOVED BaseTest.setup()[pri:0, instance:null] FROM INDEPENDENT OBJECTS
14:55:49.954 [main] DEBUG org.testng.internal.Graph - [Graph] ADDING NODE BaseTest.setup()[pri:0, instance:null] -338447332
14:55:49.954 [main] DEBUG org.testng.internal.Graph - [Graph] ================ SORTING
14:55:49.954 [ForkJoinPool.commonPool-worker-1] DEBUG org.testng.internal.Graph - [Graph]   ADDING PREDECESSOR FOR DoubleDataOfferTest.setUpPage()[pri:0, instance:null] ==> BaseTest.setup()[pri:0, instance:null]
14:55:49.954 [main] DEBUG org.testng.internal.Graph - [Graph]   REMOVED PRED BaseTest.setup()[pri:0, instance:null] FROM NODE DoubleDataOfferTest.setUpPage()[pri:0, instance:null]
14:55:49.954 [main] DEBUG org.testng.internal.Graph - [Graph] =============== DONE SORTING
14:55:49.954 [main] DEBUG org.testng.internal.Graph - [Graph] ====== SORTED NODES
14:55:49.954 [main] DEBUG org.testng.internal.Graph - [Graph]               BaseTest.setup()[pri:0, instance:null]
14:55:49.954 [main] DEBUG org.testng.internal.Graph - [Graph]               DoubleDataOfferTest.setUpPage()[pri:0, instance:null]
14:55:49.954 [main] DEBUG org.testng.internal.Graph - [Graph] ====== END SORTED NODES
14:55:49.956 [main] DEBUG org.testng.internal.Graph - [Graph] ADDING NODE BaseTest.tearDown()[pri:0, instance:null] 1906136003
14:55:49.956 [main] DEBUG org.testng.internal.Graph - [Graph] ================ SORTING
14:55:49.956 [main] DEBUG org.testng.internal.Graph - [Graph] =============== DONE SORTING
14:55:49.956 [main] DEBUG org.testng.internal.Graph - [Graph] ====== SORTED NODES
14:55:49.956 [main] DEBUG org.testng.internal.Graph - [Graph] ====== END SORTED NODES
14:55:49.959 [main] DEBUG org.testng.internal.Graph - [Graph] ADDING NODE BaseTest.beforeMethod(java.lang.reflect.Method)[pri:0, instance:null] 338077919
14:55:49.960 [main] DEBUG org.testng.internal.Graph - [Graph] ================ SORTING
14:55:49.961 [main] DEBUG org.testng.internal.Graph - [Graph] =============== DONE SORTING
14:55:49.961 [main] DEBUG org.testng.internal.Graph - [Graph] ====== SORTED NODES
14:55:49.961 [main] DEBUG org.testng.internal.Graph - [Graph] ====== END SORTED NODES
14:55:49.964 [main] DEBUG org.testng.internal.Graph - [Graph] ADDING NODE BaseTest.initializeReport()[pri:0, instance:null] -695359101
14:55:49.964 [main] DEBUG org.testng.internal.Graph - [Graph] ================ SORTING
14:55:49.964 [main] DEBUG org.testng.internal.Graph - [Graph] =============== DONE SORTING
14:55:49.964 [main] DEBUG org.testng.internal.Graph - [Graph] ====== SORTED NODES
14:55:49.964 [main] DEBUG org.testng.internal.Graph - [Graph] ====== END SORTED NODES
14:55:49.965 [main] DEBUG org.testng.internal.Graph - [Graph] ADDING NODE BaseTest.closeReport()[pri:0, instance:null] -359576341
14:55:49.966 [main] DEBUG org.testng.internal.Graph - [Graph] ================ SORTING
14:55:49.967 [main] DEBUG org.testng.internal.Graph - [Graph] =============== DONE SORTING
14:55:49.967 [main] DEBUG org.testng.internal.Graph - [Graph] ====== SORTED NODES
14:55:49.967 [main] DEBUG org.testng.internal.Graph - [Graph] ====== END SORTED NODES
14:55:49.969 [main] DEBUG org.testng.internal.Graph - [Graph] ADDING NODE BaseTest.setup()[pri:0, instance:null] -338447332
14:55:49.969 [main] DEBUG org.testng.internal.Graph - [Graph] ================ SORTING
14:55:49.970 [main] DEBUG org.testng.internal.Graph - [Graph] =============== DONE SORTING
14:55:49.970 [main] DEBUG org.testng.internal.Graph - [Graph] ====== SORTED NODES
14:55:49.970 [main] DEBUG org.testng.internal.Graph - [Graph] ====== END SORTED NODES
14:55:49.971 [main] DEBUG org.testng.internal.Graph - [Graph] ADDING NODE BaseTest.tearDown()[pri:0, instance:null] 1906136003
14:55:49.971 [main] DEBUG org.testng.internal.Graph - [Graph] ================ SORTING
14:55:49.971 [main] DEBUG org.testng.internal.Graph - [Graph] =============== DONE SORTING
14:55:49.971 [main] DEBUG org.testng.internal.Graph - [Graph] ====== SORTED NODES
14:55:49.971 [main] DEBUG org.testng.internal.Graph - [Graph] ====== END SORTED NODES
14:55:49.974 [main] DEBUG org.testng.internal.Graph - [Graph] ADDING NODE BaseTest.beforeMethod(java.lang.reflect.Method)[pri:0, instance:null] 338077919
14:55:49.974 [main] DEBUG org.testng.internal.Graph - [Graph] ================ SORTING
14:55:49.974 [main] DEBUG org.testng.internal.Graph - [Graph] =============== DONE SORTING
14:55:49.975 [main] DEBUG org.testng.internal.Graph - [Graph] ====== SORTED NODES
14:55:49.975 [main] DEBUG org.testng.internal.Graph - [Graph] ====== END SORTED NODES
14:55:49.999 [main] DEBUG org.testng.internal.Graph - [Graph] ADDING NODE BaseTest.initializeReport()[pri:0, instance:null] -695359101
14:55:50.002 [main] DEBUG org.testng.internal.Graph - [Graph] ================ SORTING
14:55:50.002 [main] DEBUG org.testng.internal.Graph - [Graph] =============== DONE SORTING
14:55:50.002 [main] DEBUG org.testng.internal.Graph - [Graph] ====== SORTED NODES
14:55:50.002 [main] DEBUG org.testng.internal.Graph - [Graph] ====== END SORTED NODES
14:55:50.004 [main] DEBUG org.testng.internal.Graph - [Graph] ADDING NODE BaseTest.closeReport()[pri:0, instance:null] -359576341
14:55:50.005 [main] DEBUG org.testng.internal.Graph - [Graph] ================ SORTING
14:55:50.006 [main] DEBUG org.testng.internal.Graph - [Graph] =============== DONE SORTING
14:55:50.006 [main] DEBUG org.testng.internal.Graph - [Graph] ====== SORTED NODES
14:55:50.017 [main] DEBUG org.testng.internal.Graph - [Graph] ====== END SORTED NODES
14:55:50.019 [main] DEBUG org.testng.internal.Graph - [Graph] ADDING NODE BaseTest.setup()[pri:0, instance:null] -338447332
14:55:50.019 [main] DEBUG org.testng.internal.Graph - [Graph] ================ SORTING
14:55:50.019 [main] DEBUG org.testng.internal.Graph - [Graph] =============== DONE SORTING
14:55:50.019 [main] DEBUG org.testng.internal.Graph - [Graph] ====== SORTED NODES
14:55:50.019 [main] DEBUG org.testng.internal.Graph - [Graph] ====== END SORTED NODES
14:55:50.021 [main] DEBUG org.testng.internal.Graph - [Graph] ADDING NODE BaseTest.tearDown()[pri:0, instance:null] 1906136003
14:55:50.022 [main] DEBUG org.testng.internal.Graph - [Graph] ================ SORTING
14:55:50.022 [main] DEBUG org.testng.internal.Graph - [Graph] =============== DONE SORTING
14:55:50.022 [main] DEBUG org.testng.internal.Graph - [Graph] ====== SORTED NODES
14:55:50.022 [main] DEBUG org.testng.internal.Graph - [Graph] ====== END SORTED NODES
14:55:50.024 [main] DEBUG org.testng.internal.Graph - [Graph] ADDING NODE BaseTest.beforeMethod(java.lang.reflect.Method)[pri:0, instance:null] 338077919
14:55:50.025 [main] DEBUG org.testng.internal.Graph - [Graph] ================ SORTING
14:55:50.029 [main] DEBUG org.testng.internal.Graph - [Graph] =============== DONE SORTING
14:55:50.030 [main] DEBUG org.testng.internal.Graph - [Graph] ====== SORTED NODES
14:55:50.031 [main] DEBUG org.testng.internal.Graph - [Graph] ====== END SORTED NODES
14:55:50.034 [main] DEBUG org.testng.internal.Graph - [Graph] ADDING NODE BaseTest.initializeReport()[pri:0, instance:null] -695359101
14:55:50.035 [main] DEBUG org.testng.internal.Graph - [Graph] ================ SORTING
14:55:50.035 [main] DEBUG org.testng.internal.Graph - [Graph] =============== DONE SORTING
14:55:50.035 [main] DEBUG org.testng.internal.Graph - [Graph] ====== SORTED NODES
14:55:50.035 [main] DEBUG org.testng.internal.Graph - [Graph] ====== END SORTED NODES
14:55:50.036 [main] DEBUG org.testng.internal.Graph - [Graph] ADDING NODE BaseTest.closeReport()[pri:0, instance:null] -359576341
14:55:50.036 [main] DEBUG org.testng.internal.Graph - [Graph] ================ SORTING
14:55:50.037 [main] DEBUG org.testng.internal.Graph - [Graph] =============== DONE SORTING
14:55:50.037 [main] DEBUG org.testng.internal.Graph - [Graph] ====== SORTED NODES
14:55:50.037 [main] DEBUG org.testng.internal.Graph - [Graph] ====== END SORTED NODES
14:55:50.039 [main] DEBUG org.testng.internal.Graph - [Graph] ADDING NODE GuessandwinTest.setUpPage()[pri:0, instance:null] 1867870845
14:55:50.040 [main] DEBUG org.testng.internal.Graph - [Graph]   ADDING PREDECESSOR FOR GuessandwinTest.setUpPage()[pri:0, instance:null] ==> BaseTest.setup()[pri:0, instance:null]
14:55:50.040 [main] DEBUG org.testng.internal.Graph - [Graph]   REMOVED BaseTest.setup()[pri:0, instance:null] FROM INDEPENDENT OBJECTS
14:55:50.040 [main] DEBUG org.testng.internal.Graph - [Graph] ADDING NODE BaseTest.setup()[pri:0, instance:null] -338447332
14:55:50.041 [main] DEBUG org.testng.internal.Graph - [Graph] ================ SORTING
14:55:50.041 [ForkJoinPool.commonPool-worker-2] DEBUG org.testng.internal.Graph - [Graph]   ADDING PREDECESSOR FOR GuessandwinTest.setUpPage()[pri:0, instance:null] ==> BaseTest.setup()[pri:0, instance:null]
14:55:50.041 [main] DEBUG org.testng.internal.Graph - [Graph]   REMOVED PRED BaseTest.setup()[pri:0, instance:null] FROM NODE GuessandwinTest.setUpPage()[pri:0, instance:null]
14:55:50.041 [main] DEBUG org.testng.internal.Graph - [Graph] =============== DONE SORTING
14:55:50.041 [main] DEBUG org.testng.internal.Graph - [Graph] ====== SORTED NODES
14:55:50.041 [main] DEBUG org.testng.internal.Graph - [Graph]               BaseTest.setup()[pri:0, instance:null]
14:55:50.041 [main] DEBUG org.testng.internal.Graph - [Graph]               GuessandwinTest.setUpPage()[pri:0, instance:null]
14:55:50.046 [main] DEBUG org.testng.internal.Graph - [Graph] ====== END SORTED NODES
14:55:50.049 [main] DEBUG org.testng.internal.Graph - [Graph] ADDING NODE BaseTest.tearDown()[pri:0, instance:null] 1906136003
14:55:50.051 [main] DEBUG org.testng.internal.Graph - [Graph] ================ SORTING
14:55:50.051 [main] DEBUG org.testng.internal.Graph - [Graph] =============== DONE SORTING
14:55:50.051 [main] DEBUG org.testng.internal.Graph - [Graph] ====== SORTED NODES
14:55:50.051 [main] DEBUG org.testng.internal.Graph - [Graph] ====== END SORTED NODES
14:55:50.055 [main] DEBUG org.testng.internal.Graph - [Graph] ADDING NODE BaseTest.beforeMethod(java.lang.reflect.Method)[pri:0, instance:null] 338077919
14:55:50.055 [main] DEBUG org.testng.internal.Graph - [Graph] ================ SORTING
14:55:50.055 [main] DEBUG org.testng.internal.Graph - [Graph] =============== DONE SORTING
14:55:50.055 [main] DEBUG org.testng.internal.Graph - [Graph] ====== SORTED NODES
14:55:50.056 [main] DEBUG org.testng.internal.Graph - [Graph] ====== END SORTED NODES
14:55:50.064 [main] DEBUG org.testng.internal.Graph - [Graph] ADDING NODE BaseTest.initializeReport()[pri:0, instance:null] -695359101
14:55:50.064 [main] DEBUG org.testng.internal.Graph - [Graph] ================ SORTING
14:55:50.064 [main] DEBUG org.testng.internal.Graph - [Graph] =============== DONE SORTING
14:55:50.064 [main] DEBUG org.testng.internal.Graph - [Graph] ====== SORTED NODES
14:55:50.064 [main] DEBUG org.testng.internal.Graph - [Graph] ====== END SORTED NODES
14:55:50.066 [main] DEBUG org.testng.internal.Graph - [Graph] ADDING NODE BaseTest.closeReport()[pri:0, instance:null] -359576341
14:55:50.066 [main] DEBUG org.testng.internal.Graph - [Graph] ================ SORTING
14:55:50.066 [main] DEBUG org.testng.internal.Graph - [Graph] =============== DONE SORTING
14:55:50.066 [main] DEBUG org.testng.internal.Graph - [Graph] ====== SORTED NODES
14:55:50.066 [main] DEBUG org.testng.internal.Graph - [Graph] ====== END SORTED NODES
14:55:50.115 [main] DEBUG org.testng.internal.Graph - [Graph] ADDING NODE BaseTest.setup()[pri:0, instance:null] -338447332
14:55:50.115 [main] DEBUG org.testng.internal.Graph - [Graph] ================ SORTING
14:55:50.116 [main] DEBUG org.testng.internal.Graph - [Graph] =============== DONE SORTING
14:55:50.116 [main] DEBUG org.testng.internal.Graph - [Graph] ====== SORTED NODES
14:55:50.116 [main] DEBUG org.testng.internal.Graph - [Graph] ====== END SORTED NODES
14:55:50.117 [main] DEBUG org.testng.internal.Graph - [Graph] ADDING NODE BaseTest.tearDown()[pri:0, instance:null] 1906136003
14:55:50.117 [main] DEBUG org.testng.internal.Graph - [Graph] ================ SORTING
14:55:50.118 [main] DEBUG org.testng.internal.Graph - [Graph] =============== DONE SORTING
14:55:50.118 [main] DEBUG org.testng.internal.Graph - [Graph] ====== SORTED NODES
14:55:50.118 [main] DEBUG org.testng.internal.Graph - [Graph] ====== END SORTED NODES
14:55:50.120 [main] DEBUG org.testng.internal.Graph - [Graph] ADDING NODE BaseTest.beforeMethod(java.lang.reflect.Method)[pri:0, instance:null] 338077919
14:55:50.120 [main] DEBUG org.testng.internal.Graph - [Graph] ================ SORTING
14:55:50.120 [main] DEBUG org.testng.internal.Graph - [Graph] =============== DONE SORTING
14:55:50.120 [main] DEBUG org.testng.internal.Graph - [Graph] ====== SORTED NODES
14:55:50.121 [main] DEBUG org.testng.internal.Graph - [Graph] ====== END SORTED NODES
14:55:50.130 [main] DEBUG org.testng.internal.Graph - [Graph] ADDING NODE BaseTest.initializeReport()[pri:0, instance:null] -695359101
14:55:50.131 [main] DEBUG org.testng.internal.Graph - [Graph] ================ SORTING
14:55:50.131 [main] DEBUG org.testng.internal.Graph - [Graph] =============== DONE SORTING
14:55:50.131 [main] DEBUG org.testng.internal.Graph - [Graph] ====== SORTED NODES
14:55:50.131 [main] DEBUG org.testng.internal.Graph - [Graph] ====== END SORTED NODES
14:55:50.132 [main] DEBUG org.testng.internal.Graph - [Graph] ADDING NODE BaseTest.closeReport()[pri:0, instance:null] -359576341
14:55:50.132 [main] DEBUG org.testng.internal.Graph - [Graph] ================ SORTING
14:55:50.132 [main] DEBUG org.testng.internal.Graph - [Graph] =============== DONE SORTING
14:55:50.132 [main] DEBUG org.testng.internal.Graph - [Graph] ====== SORTED NODES
14:55:50.132 [main] DEBUG org.testng.internal.Graph - [Graph] ====== END SORTED NODES
14:55:50.134 [main] DEBUG org.testng.internal.Graph - [Graph] ADDING NODE BaseTest.setup()[pri:0, instance:null] -338447332
14:55:50.134 [main] DEBUG org.testng.internal.Graph - [Graph] ================ SORTING
14:55:50.134 [main] DEBUG org.testng.internal.Graph - [Graph] =============== DONE SORTING
14:55:50.134 [main] DEBUG org.testng.internal.Graph - [Graph] ====== SORTED NODES
14:55:50.135 [main] DEBUG org.testng.internal.Graph - [Graph] ====== END SORTED NODES
14:55:50.135 [main] DEBUG org.testng.internal.Graph - [Graph] ADDING NODE BaseTest.tearDown()[pri:0, instance:null] 1906136003
14:55:50.135 [main] DEBUG org.testng.internal.Graph - [Graph] ================ SORTING
14:55:50.136 [main] DEBUG org.testng.internal.Graph - [Graph] =============== DONE SORTING
14:55:50.136 [main] DEBUG org.testng.internal.Graph - [Graph] ====== SORTED NODES
14:55:50.136 [main] DEBUG org.testng.internal.Graph - [Graph] ====== END SORTED NODES
14:55:50.137 [main] DEBUG org.testng.internal.Graph - [Graph] ADDING NODE BaseTest.beforeMethod(java.lang.reflect.Method)[pri:0, instance:null] 338077919
14:55:50.138 [main] DEBUG org.testng.internal.Graph - [Graph] ================ SORTING
14:55:50.138 [main] DEBUG org.testng.internal.Graph - [Graph] =============== DONE SORTING
14:55:50.138 [main] DEBUG org.testng.internal.Graph - [Graph] ====== SORTED NODES
14:55:50.138 [main] DEBUG org.testng.internal.Graph - [Graph] ====== END SORTED NODES
14:55:50.146 [main] DEBUG org.testng.internal.Graph - [Graph] ADDING NODE BaseTest.initializeReport()[pri:0, instance:null] -695359101
14:55:50.147 [main] DEBUG org.testng.internal.Graph - [Graph] ================ SORTING
14:55:50.147 [main] DEBUG org.testng.internal.Graph - [Graph] =============== DONE SORTING
14:55:50.147 [main] DEBUG org.testng.internal.Graph - [Graph] ====== SORTED NODES
14:55:50.147 [main] DEBUG org.testng.internal.Graph - [Graph] ====== END SORTED NODES
14:55:50.148 [main] DEBUG org.testng.internal.Graph - [Graph] ADDING NODE BaseTest.closeReport()[pri:0, instance:null] -359576341
14:55:50.148 [main] DEBUG org.testng.internal.Graph - [Graph] ================ SORTING
14:55:50.148 [main] DEBUG org.testng.internal.Graph - [Graph] =============== DONE SORTING
14:55:50.148 [main] DEBUG org.testng.internal.Graph - [Graph] ====== SORTED NODES
14:55:50.148 [main] DEBUG org.testng.internal.Graph - [Graph] ====== END SORTED NODES
14:55:50.150 [main] DEBUG org.testng.internal.Graph - [Graph] ADDING NODE BaseTest.setup()[pri:0, instance:null] -338447332
14:55:50.150 [main] DEBUG org.testng.internal.Graph - [Graph] ================ SORTING
14:55:50.150 [main] DEBUG org.testng.internal.Graph - [Graph] =============== DONE SORTING
14:55:50.150 [main] DEBUG org.testng.internal.Graph - [Graph] ====== SORTED NODES
14:55:50.150 [main] DEBUG org.testng.internal.Graph - [Graph] ====== END SORTED NODES
14:55:50.151 [main] DEBUG org.testng.internal.Graph - [Graph] ADDING NODE BaseTest.tearDown()[pri:0, instance:null] 1906136003
14:55:50.151 [main] DEBUG org.testng.internal.Graph - [Graph] ================ SORTING
14:55:50.151 [main] DEBUG org.testng.internal.Graph - [Graph] =============== DONE SORTING
14:55:50.151 [main] DEBUG org.testng.internal.Graph - [Graph] ====== SORTED NODES
14:55:50.151 [main] DEBUG org.testng.internal.Graph - [Graph] ====== END SORTED NODES
14:55:50.153 [main] DEBUG org.testng.internal.Graph - [Graph] ADDING NODE BaseTest.beforeMethod(java.lang.reflect.Method)[pri:0, instance:null] 338077919
14:55:50.153 [main] DEBUG org.testng.internal.Graph - [Graph] ================ SORTING
14:55:50.153 [main] DEBUG org.testng.internal.Graph - [Graph] =============== DONE SORTING
14:55:50.153 [main] DEBUG org.testng.internal.Graph - [Graph] ====== SORTED NODES
14:55:50.153 [main] DEBUG org.testng.internal.Graph - [Graph] ====== END SORTED NODES
14:55:50.155 [main] DEBUG org.testng.internal.Graph - [Graph] ADDING NODE BaseTest.initializeReport()[pri:0, instance:null] -695359101
14:55:50.155 [main] DEBUG org.testng.internal.Graph - [Graph] ================ SORTING
14:55:50.156 [main] DEBUG org.testng.internal.Graph - [Graph] =============== DONE SORTING
14:55:50.156 [main] DEBUG org.testng.internal.Graph - [Graph] ====== SORTED NODES
14:55:50.157 [main] DEBUG org.testng.internal.Graph - [Graph] ====== END SORTED NODES
14:55:50.163 [main] DEBUG org.testng.internal.Graph - [Graph] ADDING NODE BaseTest.closeReport()[pri:0, instance:null] -359576341
14:55:50.163 [main] DEBUG org.testng.internal.Graph - [Graph] ================ SORTING
14:55:50.163 [main] DEBUG org.testng.internal.Graph - [Graph] =============== DONE SORTING
14:55:50.163 [main] DEBUG org.testng.internal.Graph - [Graph] ====== SORTED NODES
14:55:50.188 [main] DEBUG org.testng.internal.Graph - [Graph] ====== END SORTED NODES
14:55:50.198 [main] DEBUG org.testng.internal.Graph - [Graph] ADDING NODE BaseTest.setup()[pri:0, instance:null] -338447332
14:55:50.199 [main] DEBUG org.testng.internal.Graph - [Graph] ================ SORTING
14:55:50.199 [main] DEBUG org.testng.internal.Graph - [Graph] =============== DONE SORTING
14:55:50.199 [main] DEBUG org.testng.internal.Graph - [Graph] ====== SORTED NODES
14:55:50.199 [main] DEBUG org.testng.internal.Graph - [Graph] ====== END SORTED NODES
14:55:50.201 [main] DEBUG org.testng.internal.Graph - [Graph] ADDING NODE BaseTest.tearDown()[pri:0, instance:null] 1906136003
14:55:50.203 [main] DEBUG org.testng.internal.Graph - [Graph] ================ SORTING
14:55:50.203 [main] DEBUG org.testng.internal.Graph - [Graph] =============== DONE SORTING
14:55:50.203 [main] DEBUG org.testng.internal.Graph - [Graph] ====== SORTED NODES
14:55:50.203 [main] DEBUG org.testng.internal.Graph - [Graph] ====== END SORTED NODES
14:55:50.205 [main] DEBUG org.testng.internal.Graph - [Graph] ADDING NODE BaseTest.beforeMethod(java.lang.reflect.Method)[pri:0, instance:null] 338077919
14:55:50.205 [main] DEBUG org.testng.internal.Graph - [Graph] ================ SORTING
14:55:50.205 [main] DEBUG org.testng.internal.Graph - [Graph] =============== DONE SORTING
14:55:50.205 [main] DEBUG org.testng.internal.Graph - [Graph] ====== SORTED NODES
14:55:50.206 [main] DEBUG org.testng.internal.Graph - [Graph] ====== END SORTED NODES
14:55:50.212 [main] DEBUG org.testng.internal.Graph - [Graph] ADDING NODE BaseTest.initializeReport()[pri:0, instance:null] -695359101
14:55:50.212 [main] DEBUG org.testng.internal.Graph - [Graph] ================ SORTING
14:55:50.212 [main] DEBUG org.testng.internal.Graph - [Graph] =============== DONE SORTING
14:55:50.212 [main] DEBUG org.testng.internal.Graph - [Graph] ====== SORTED NODES
14:55:50.212 [main] DEBUG org.testng.internal.Graph - [Graph] ====== END SORTED NODES
14:55:50.213 [main] DEBUG org.testng.internal.Graph - [Graph] ADDING NODE BaseTest.closeReport()[pri:0, instance:null] -359576341
14:55:50.213 [main] DEBUG org.testng.internal.Graph - [Graph] ================ SORTING
14:55:50.213 [main] DEBUG org.testng.internal.Graph - [Graph] =============== DONE SORTING
14:55:50.213 [main] DEBUG org.testng.internal.Graph - [Graph] ====== SORTED NODES
14:55:50.214 [main] DEBUG org.testng.internal.Graph - [Graph] ====== END SORTED NODES
14:55:50.215 [main] DEBUG org.testng.internal.Graph - [Graph] ADDING NODE BaseTest.setup()[pri:0, instance:null] -338447332
14:55:50.215 [main] DEBUG org.testng.internal.Graph - [Graph] ================ SORTING
14:55:50.216 [main] DEBUG org.testng.internal.Graph - [Graph] =============== DONE SORTING
14:55:50.216 [main] DEBUG org.testng.internal.Graph - [Graph] ====== SORTED NODES
14:55:50.216 [main] DEBUG org.testng.internal.Graph - [Graph] ====== END SORTED NODES
14:55:50.220 [main] DEBUG org.testng.internal.Graph - [Graph] ADDING NODE BaseTest.tearDown()[pri:0, instance:null] 1906136003
14:55:50.224 [main] DEBUG org.testng.internal.Graph - [Graph] ================ SORTING
14:55:50.224 [main] DEBUG org.testng.internal.Graph - [Graph] =============== DONE SORTING
14:55:50.224 [main] DEBUG org.testng.internal.Graph - [Graph] ====== SORTED NODES
14:55:50.224 [main] DEBUG org.testng.internal.Graph - [Graph] ====== END SORTED NODES
14:55:50.230 [main] DEBUG org.testng.internal.Graph - [Graph] ADDING NODE BaseTest.beforeMethod(java.lang.reflect.Method)[pri:0, instance:null] 338077919
14:55:50.230 [main] DEBUG org.testng.internal.Graph - [Graph] ================ SORTING
14:55:50.230 [main] DEBUG org.testng.internal.Graph - [Graph] =============== DONE SORTING
14:55:50.231 [main] DEBUG org.testng.internal.Graph - [Graph] ====== SORTED NODES
14:55:50.231 [main] DEBUG org.testng.internal.Graph - [Graph] ====== END SORTED NODES
14:55:50.234 [main] DEBUG org.testng.internal.Graph - [Graph] ADDING NODE BaseTest.initializeReport()[pri:0, instance:null] -695359101
14:55:50.234 [main] DEBUG org.testng.internal.Graph - [Graph] ================ SORTING
14:55:50.234 [main] DEBUG org.testng.internal.Graph - [Graph] =============== DONE SORTING
14:55:50.234 [main] DEBUG org.testng.internal.Graph - [Graph] ====== SORTED NODES
14:55:50.234 [main] DEBUG org.testng.internal.Graph - [Graph] ====== END SORTED NODES
14:55:50.236 [main] DEBUG org.testng.internal.Graph - [Graph] ADDING NODE BaseTest.closeReport()[pri:0, instance:null] -359576341
14:55:50.236 [main] DEBUG org.testng.internal.Graph - [Graph] ================ SORTING
14:55:50.239 [main] DEBUG org.testng.internal.Graph - [Graph] =============== DONE SORTING
14:55:50.239 [main] DEBUG org.testng.internal.Graph - [Graph] ====== SORTED NODES
14:55:50.239 [main] DEBUG org.testng.internal.Graph - [Graph] ====== END SORTED NODES
14:55:50.247 [main] DEBUG org.testng.internal.Graph - [Graph] ADDING NODE BaseTest.setup()[pri:0, instance:null] -338447332
14:55:50.247 [main] DEBUG org.testng.internal.Graph - [Graph] ================ SORTING
14:55:50.247 [main] DEBUG org.testng.internal.Graph - [Graph] =============== DONE SORTING
14:55:50.247 [main] DEBUG org.testng.internal.Graph - [Graph] ====== SORTED NODES
14:55:50.247 [main] DEBUG org.testng.internal.Graph - [Graph] ====== END SORTED NODES
14:55:50.249 [main] DEBUG org.testng.internal.Graph - [Graph] ADDING NODE BaseTest.tearDown()[pri:0, instance:null] 1906136003
14:55:50.249 [main] DEBUG org.testng.internal.Graph - [Graph] ================ SORTING
14:55:50.249 [main] DEBUG org.testng.internal.Graph - [Graph] =============== DONE SORTING
14:55:50.249 [main] DEBUG org.testng.internal.Graph - [Graph] ====== SORTED NODES
14:55:50.249 [main] DEBUG org.testng.internal.Graph - [Graph] ====== END SORTED NODES
14:55:50.254 [main] DEBUG org.testng.internal.Graph - [Graph] ADDING NODE BaseTest.beforeMethod(java.lang.reflect.Method)[pri:0, instance:null] 338077919
14:55:50.255 [main] DEBUG org.testng.internal.Graph - [Graph] ================ SORTING
14:55:50.257 [main] DEBUG org.testng.internal.Graph - [Graph] =============== DONE SORTING
14:55:50.257 [main] DEBUG org.testng.internal.Graph - [Graph] ====== SORTED NODES
14:55:50.257 [main] DEBUG org.testng.internal.Graph - [Graph] ====== END SORTED NODES
14:55:50.319 [main] DEBUG org.testng.internal.Graph - [Graph] ADDING NODE BaseTest.initializeReport()[pri:0, instance:null] -695359101
14:55:50.320 [main] DEBUG org.testng.internal.Graph - [Graph] ================ SORTING
14:55:50.320 [main] DEBUG org.testng.internal.Graph - [Graph] =============== DONE SORTING
14:55:50.321 [main] DEBUG org.testng.internal.Graph - [Graph] ====== SORTED NODES
14:55:50.321 [main] DEBUG org.testng.internal.Graph - [Graph] ====== END SORTED NODES
14:55:50.322 [main] DEBUG org.testng.internal.Graph - [Graph] ADDING NODE BaseTest.closeReport()[pri:0, instance:null] -359576341
14:55:50.322 [main] DEBUG org.testng.internal.Graph - [Graph] ================ SORTING
14:55:50.322 [main] DEBUG org.testng.internal.Graph - [Graph] =============== DONE SORTING
14:55:50.322 [main] DEBUG org.testng.internal.Graph - [Graph] ====== SORTED NODES
14:55:50.322 [main] DEBUG org.testng.internal.Graph - [Graph] ====== END SORTED NODES
14:55:50.333 [main] DEBUG org.testng.internal.Graph - [Graph] ADDING NODE BaseTest.setup()[pri:0, instance:null] -338447332
14:55:50.333 [main] DEBUG org.testng.internal.Graph - [Graph] ================ SORTING
14:55:50.333 [main] DEBUG org.testng.internal.Graph - [Graph] =============== DONE SORTING
14:55:50.333 [main] DEBUG org.testng.internal.Graph - [Graph] ====== SORTED NODES
14:55:50.333 [main] DEBUG org.testng.internal.Graph - [Graph] ====== END SORTED NODES
14:55:50.335 [main] DEBUG org.testng.internal.Graph - [Graph] ADDING NODE BaseTest.tearDown()[pri:0, instance:null] 1906136003
14:55:50.335 [main] DEBUG org.testng.internal.Graph - [Graph] ================ SORTING
14:55:50.335 [main] DEBUG org.testng.internal.Graph - [Graph] =============== DONE SORTING
14:55:50.336 [main] DEBUG org.testng.internal.Graph - [Graph] ====== SORTED NODES
14:55:50.336 [main] DEBUG org.testng.internal.Graph - [Graph] ====== END SORTED NODES
14:55:50.341 [main] DEBUG org.testng.internal.Graph - [Graph] ADDING NODE BaseTest.beforeMethod(java.lang.reflect.Method)[pri:0, instance:null] 338077919
14:55:50.347 [main] DEBUG org.testng.internal.Graph - [Graph] ================ SORTING
14:55:50.347 [main] DEBUG org.testng.internal.Graph - [Graph] =============== DONE SORTING
14:55:50.347 [main] DEBUG org.testng.internal.Graph - [Graph] ====== SORTED NODES
14:55:50.347 [main] DEBUG org.testng.internal.Graph - [Graph] ====== END SORTED NODES
14:55:50.367 [main] DEBUG org.testng.internal.Graph - [Graph] ADDING NODE BaseTest.initializeReport()[pri:0, instance:null] -695359101
14:55:50.367 [main] DEBUG org.testng.internal.Graph - [Graph] ================ SORTING
14:55:50.368 [main] DEBUG org.testng.internal.Graph - [Graph] =============== DONE SORTING
14:55:50.368 [main] DEBUG org.testng.internal.Graph - [Graph] ====== SORTED NODES
14:55:50.368 [main] DEBUG org.testng.internal.Graph - [Graph] ====== END SORTED NODES
14:55:50.424 [main] DEBUG org.testng.internal.Graph - [Graph] ADDING NODE BaseTest.closeReport()[pri:0, instance:null] -359576341
14:55:50.427 [main] DEBUG org.testng.internal.Graph - [Graph] ================ SORTING
14:55:50.427 [main] DEBUG org.testng.internal.Graph - [Graph] =============== DONE SORTING
14:55:50.427 [main] DEBUG org.testng.internal.Graph - [Graph] ====== SORTED NODES
14:55:50.427 [main] DEBUG org.testng.internal.Graph - [Graph] ====== END SORTED NODES
14:55:50.429 [main] DEBUG org.testng.internal.Graph - [Graph] ADDING NODE PlaygameTest.setUpPage()[pri:0, instance:null] 1558166679
14:55:50.429 [main] DEBUG org.testng.internal.Graph - [Graph]   ADDING PREDECESSOR FOR PlaygameTest.setUpPage()[pri:0, instance:null] ==> BaseTest.setup()[pri:0, instance:null]
14:55:50.429 [main] DEBUG org.testng.internal.Graph - [Graph]   REMOVED BaseTest.setup()[pri:0, instance:null] FROM INDEPENDENT OBJECTS
14:55:50.429 [main] DEBUG org.testng.internal.Graph - [Graph] ADDING NODE BaseTest.setup()[pri:0, instance:null] -338447332
14:55:50.429 [main] DEBUG org.testng.internal.Graph - [Graph] ================ SORTING
14:55:50.430 [main] DEBUG org.testng.internal.Graph - [Graph]   ADDING PREDECESSOR FOR PlaygameTest.setUpPage()[pri:0, instance:null] ==> BaseTest.setup()[pri:0, instance:null]
14:55:50.430 [main] DEBUG org.testng.internal.Graph - [Graph]   REMOVED PRED BaseTest.setup()[pri:0, instance:null] FROM NODE PlaygameTest.setUpPage()[pri:0, instance:null]
14:55:50.430 [main] DEBUG org.testng.internal.Graph - [Graph] =============== DONE SORTING
14:55:50.430 [main] DEBUG org.testng.internal.Graph - [Graph] ====== SORTED NODES
14:55:50.430 [main] DEBUG org.testng.internal.Graph - [Graph]               BaseTest.setup()[pri:0, instance:null]
14:55:50.430 [main] DEBUG org.testng.internal.Graph - [Graph]               PlaygameTest.setUpPage()[pri:0, instance:null]
14:55:50.430 [main] DEBUG org.testng.internal.Graph - [Graph] ====== END SORTED NODES
14:55:50.431 [main] DEBUG org.testng.internal.Graph - [Graph] ADDING NODE BaseTest.tearDown()[pri:0, instance:null] 1906136003
14:55:50.431 [main] DEBUG org.testng.internal.Graph - [Graph] ================ SORTING
14:55:50.431 [main] DEBUG org.testng.internal.Graph - [Graph] =============== DONE SORTING
14:55:50.431 [main] DEBUG org.testng.internal.Graph - [Graph] ====== SORTED NODES
14:55:50.431 [main] DEBUG org.testng.internal.Graph - [Graph] ====== END SORTED NODES
14:55:50.433 [main] DEBUG org.testng.internal.Graph - [Graph] ADDING NODE BaseTest.beforeMethod(java.lang.reflect.Method)[pri:0, instance:null] 338077919
14:55:50.433 [main] DEBUG org.testng.internal.Graph - [Graph] ================ SORTING
14:55:50.433 [main] DEBUG org.testng.internal.Graph - [Graph] =============== DONE SORTING
14:55:50.433 [main] DEBUG org.testng.internal.Graph - [Graph] ====== SORTED NODES
14:55:50.433 [main] DEBUG org.testng.internal.Graph - [Graph] ====== END SORTED NODES
14:55:50.436 [main] DEBUG org.testng.internal.Graph - [Graph] ADDING NODE BaseTest.initializeReport()[pri:0, instance:null] -695359101
14:55:50.436 [main] DEBUG org.testng.internal.Graph - [Graph] ================ SORTING
14:55:50.436 [main] DEBUG org.testng.internal.Graph - [Graph] =============== DONE SORTING
14:55:50.436 [main] DEBUG org.testng.internal.Graph - [Graph] ====== SORTED NODES
14:55:50.436 [main] DEBUG org.testng.internal.Graph - [Graph] ====== END SORTED NODES
14:55:50.437 [main] DEBUG org.testng.internal.Graph - [Graph] ADDING NODE BaseTest.closeReport()[pri:0, instance:null] -359576341
14:55:50.437 [main] DEBUG org.testng.internal.Graph - [Graph] ================ SORTING
14:55:50.437 [main] DEBUG org.testng.internal.Graph - [Graph] =============== DONE SORTING
14:55:50.437 [main] DEBUG org.testng.internal.Graph - [Graph] ====== SORTED NODES
14:55:50.437 [main] DEBUG org.testng.internal.Graph - [Graph] ====== END SORTED NODES
14:55:50.440 [main] DEBUG org.testng.internal.Graph - [Graph] ADDING NODE BaseTest.setup()[pri:0, instance:null] -338447332
14:55:50.441 [main] DEBUG org.testng.internal.Graph - [Graph] ================ SORTING
14:55:50.441 [main] DEBUG org.testng.internal.Graph - [Graph] =============== DONE SORTING
14:55:50.441 [main] DEBUG org.testng.internal.Graph - [Graph] ====== SORTED NODES
14:55:50.441 [main] DEBUG org.testng.internal.Graph - [Graph] ====== END SORTED NODES
14:55:50.446 [main] DEBUG org.testng.internal.Graph - [Graph] ADDING NODE BaseTest.tearDown()[pri:0, instance:null] 1906136003
14:55:50.446 [main] DEBUG org.testng.internal.Graph - [Graph] ================ SORTING
14:55:50.447 [main] DEBUG org.testng.internal.Graph - [Graph] =============== DONE SORTING
14:55:50.448 [main] DEBUG org.testng.internal.Graph - [Graph] ====== SORTED NODES
14:55:50.448 [main] DEBUG org.testng.internal.Graph - [Graph] ====== END SORTED NODES
14:55:50.449 [main] DEBUG org.testng.internal.Graph - [Graph] ADDING NODE BaseTest.beforeMethod(java.lang.reflect.Method)[pri:0, instance:null] 338077919
14:55:50.449 [main] DEBUG org.testng.internal.Graph - [Graph] ================ SORTING
14:55:50.449 [main] DEBUG org.testng.internal.Graph - [Graph] =============== DONE SORTING
14:55:50.449 [main] DEBUG org.testng.internal.Graph - [Graph] ====== SORTED NODES
14:55:50.449 [main] DEBUG org.testng.internal.Graph - [Graph] ====== END SORTED NODES
14:55:50.456 [main] DEBUG org.testng.internal.Graph - [Graph] ADDING NODE BaseTest.initializeReport()[pri:0, instance:null] -695359101
14:55:50.456 [main] DEBUG org.testng.internal.Graph - [Graph] ================ SORTING
14:55:50.456 [main] DEBUG org.testng.internal.Graph - [Graph] =============== DONE SORTING
14:55:50.456 [main] DEBUG org.testng.internal.Graph - [Graph] ====== SORTED NODES
14:55:50.456 [main] DEBUG org.testng.internal.Graph - [Graph] ====== END SORTED NODES
14:55:50.457 [main] DEBUG org.testng.internal.Graph - [Graph] ADDING NODE BaseTest.closeReport()[pri:0, instance:null] -359576341
14:55:50.458 [main] DEBUG org.testng.internal.Graph - [Graph] ================ SORTING
14:55:50.458 [main] DEBUG org.testng.internal.Graph - [Graph] =============== DONE SORTING
14:55:50.458 [main] DEBUG org.testng.internal.Graph - [Graph] ====== SORTED NODES
14:55:50.458 [main] DEBUG org.testng.internal.Graph - [Graph] ====== END SORTED NODES
14:55:50.465 [main] DEBUG org.testng.internal.Graph - [Graph] ADDING NODE BaseTest.setup()[pri:0, instance:null] -338447332
14:55:50.465 [main] DEBUG org.testng.internal.Graph - [Graph] ================ SORTING
14:55:50.465 [main] DEBUG org.testng.internal.Graph - [Graph] =============== DONE SORTING
14:55:50.465 [main] DEBUG org.testng.internal.Graph - [Graph] ====== SORTED NODES
14:55:50.465 [main] DEBUG org.testng.internal.Graph - [Graph] ====== END SORTED NODES
14:55:50.466 [main] DEBUG org.testng.internal.Graph - [Graph] ADDING NODE BaseTest.tearDown()[pri:0, instance:null] 1906136003
14:55:50.466 [main] DEBUG org.testng.internal.Graph - [Graph] ================ SORTING
14:55:50.466 [main] DEBUG org.testng.internal.Graph - [Graph] =============== DONE SORTING
14:55:50.466 [main] DEBUG org.testng.internal.Graph - [Graph] ====== SORTED NODES
14:55:50.466 [main] DEBUG org.testng.internal.Graph - [Graph] ====== END SORTED NODES
14:55:50.467 [main] DEBUG org.testng.internal.Graph - [Graph] ADDING NODE BaseTest.beforeMethod(java.lang.reflect.Method)[pri:0, instance:null] 338077919
14:55:50.467 [main] DEBUG org.testng.internal.Graph - [Graph] ================ SORTING
14:55:50.467 [main] DEBUG org.testng.internal.Graph - [Graph] =============== DONE SORTING
14:55:50.468 [main] DEBUG org.testng.internal.Graph - [Graph] ====== SORTED NODES
14:55:50.468 [main] DEBUG org.testng.internal.Graph - [Graph] ====== END SORTED NODES
14:55:50.479 [main] DEBUG org.testng.internal.Graph - [Graph] ADDING NODE BaseTest.initializeReport()[pri:0, instance:null] -695359101
14:55:50.481 [main] DEBUG org.testng.internal.Graph - [Graph] ================ SORTING
14:55:50.481 [main] DEBUG org.testng.internal.Graph - [Graph] =============== DONE SORTING
14:55:50.482 [main] DEBUG org.testng.internal.Graph - [Graph] ====== SORTED NODES
14:55:50.482 [main] DEBUG org.testng.internal.Graph - [Graph] ====== END SORTED NODES
14:55:50.487 [main] DEBUG org.testng.internal.Graph - [Graph] ADDING NODE BaseTest.closeReport()[pri:0, instance:null] -359576341
14:55:50.487 [main] DEBUG org.testng.internal.Graph - [Graph] ================ SORTING
14:55:50.489 [main] DEBUG org.testng.internal.Graph - [Graph] =============== DONE SORTING
14:55:50.489 [main] DEBUG org.testng.internal.Graph - [Graph] ====== SORTED NODES
14:55:50.489 [main] DEBUG org.testng.internal.Graph - [Graph] ====== END SORTED NODES
14:55:50.505 [main] DEBUG org.testng.internal.Graph - [Graph] ADDING NODE BaseTest.setup()[pri:0, instance:null] -338447332
14:55:50.506 [main] DEBUG org.testng.internal.Graph - [Graph] ================ SORTING
14:55:50.506 [main] DEBUG org.testng.internal.Graph - [Graph] =============== DONE SORTING
14:55:50.506 [main] DEBUG org.testng.internal.Graph - [Graph] ====== SORTED NODES
14:55:50.506 [main] DEBUG org.testng.internal.Graph - [Graph] ====== END SORTED NODES
14:55:50.507 [main] DEBUG org.testng.internal.Graph - [Graph] ADDING NODE BaseTest.tearDown()[pri:0, instance:null] 1906136003
14:55:50.515 [main] DEBUG org.testng.internal.Graph - [Graph] ================ SORTING
14:55:50.515 [main] DEBUG org.testng.internal.Graph - [Graph] =============== DONE SORTING
14:55:50.515 [main] DEBUG org.testng.internal.Graph - [Graph] ====== SORTED NODES
14:55:50.515 [main] DEBUG org.testng.internal.Graph - [Graph] ====== END SORTED NODES
14:55:50.517 [main] DEBUG org.testng.internal.Graph - [Graph] ADDING NODE BaseTest.beforeMethod(java.lang.reflect.Method)[pri:0, instance:null] 338077919
14:55:50.518 [main] DEBUG org.testng.internal.Graph - [Graph] ================ SORTING
14:55:50.522 [main] DEBUG org.testng.internal.Graph - [Graph] =============== DONE SORTING
14:55:50.522 [main] DEBUG org.testng.internal.Graph - [Graph] ====== SORTED NODES
14:55:50.523 [main] DEBUG org.testng.internal.Graph - [Graph] ====== END SORTED NODES
14:55:50.531 [main] DEBUG org.testng.internal.Graph - [Graph] ADDING NODE BaseTest.initializeReport()[pri:0, instance:null] -695359101
14:55:50.531 [main] DEBUG org.testng.internal.Graph - [Graph] ================ SORTING
14:55:50.531 [main] DEBUG org.testng.internal.Graph - [Graph] =============== DONE SORTING
14:55:50.531 [main] DEBUG org.testng.internal.Graph - [Graph] ====== SORTED NODES
14:55:50.532 [main] DEBUG org.testng.internal.Graph - [Graph] ====== END SORTED NODES
14:55:50.534 [main] DEBUG org.testng.internal.Graph - [Graph] ADDING NODE BaseTest.closeReport()[pri:0, instance:null] -359576341
14:55:50.535 [main] DEBUG org.testng.internal.Graph - [Graph] ================ SORTING
14:55:50.535 [main] DEBUG org.testng.internal.Graph - [Graph] =============== DONE SORTING
14:55:50.535 [main] DEBUG org.testng.internal.Graph - [Graph] ====== SORTED NODES
14:55:50.535 [main] DEBUG org.testng.internal.Graph - [Graph] ====== END SORTED NODES
14:55:50.537 [main] DEBUG org.testng.internal.Graph - [Graph] ADDING NODE BaseTest.setup()[pri:0, instance:null] -338447332
14:55:50.537 [main] DEBUG org.testng.internal.Graph - [Graph] ================ SORTING
14:55:50.537 [main] DEBUG org.testng.internal.Graph - [Graph] =============== DONE SORTING
14:55:50.537 [main] DEBUG org.testng.internal.Graph - [Graph] ====== SORTED NODES
14:55:50.537 [main] DEBUG org.testng.internal.Graph - [Graph] ====== END SORTED NODES
14:55:50.538 [main] DEBUG org.testng.internal.Graph - [Graph] ADDING NODE BaseTest.tearDown()[pri:0, instance:null] 1906136003
14:55:50.538 [main] DEBUG org.testng.internal.Graph - [Graph] ================ SORTING
14:55:50.538 [main] DEBUG org.testng.internal.Graph - [Graph] =============== DONE SORTING
14:55:50.538 [main] DEBUG org.testng.internal.Graph - [Graph] ====== SORTED NODES
14:55:50.538 [main] DEBUG org.testng.internal.Graph - [Graph] ====== END SORTED NODES
14:55:50.540 [main] DEBUG org.testng.internal.Graph - [Graph] ADDING NODE BaseTest.beforeMethod(java.lang.reflect.Method)[pri:0, instance:null] 338077919
14:55:50.540 [main] DEBUG org.testng.internal.Graph - [Graph] ================ SORTING
14:55:50.540 [main] DEBUG org.testng.internal.Graph - [Graph] =============== DONE SORTING
14:55:50.540 [main] DEBUG org.testng.internal.Graph - [Graph] ====== SORTED NODES
14:55:50.540 [main] DEBUG org.testng.internal.Graph - [Graph] ====== END SORTED NODES
14:55:50.551 [main] DEBUG org.testng.internal.Graph - [Graph] ADDING NODE BaseTest.initializeReport()[pri:0, instance:null] -695359101
14:55:50.552 [main] DEBUG org.testng.internal.Graph - [Graph] ================ SORTING
14:55:50.552 [main] DEBUG org.testng.internal.Graph - [Graph] =============== DONE SORTING
14:55:50.552 [main] DEBUG org.testng.internal.Graph - [Graph] ====== SORTED NODES
14:55:50.552 [main] DEBUG org.testng.internal.Graph - [Graph] ====== END SORTED NODES
14:55:50.553 [main] DEBUG org.testng.internal.Graph - [Graph] ADDING NODE BaseTest.closeReport()[pri:0, instance:null] -359576341
14:55:50.553 [main] DEBUG org.testng.internal.Graph - [Graph] ================ SORTING
14:55:50.553 [main] DEBUG org.testng.internal.Graph - [Graph] =============== DONE SORTING
14:55:50.553 [main] DEBUG org.testng.internal.Graph - [Graph] ====== SORTED NODES
14:55:50.553 [main] DEBUG org.testng.internal.Graph - [Graph] ====== END SORTED NODES
14:55:50.555 [main] DEBUG org.testng.internal.Graph - [Graph] ADDING NODE RoamingTest.setUpPage()[pri:0, instance:null] -76248510
14:55:50.555 [main] DEBUG org.testng.internal.Graph - [Graph]   ADDING PREDECESSOR FOR RoamingTest.setUpPage()[pri:0, instance:null] ==> BaseTest.setup()[pri:0, instance:null]
14:55:50.555 [main] DEBUG org.testng.internal.Graph - [Graph]   REMOVED BaseTest.setup()[pri:0, instance:null] FROM INDEPENDENT OBJECTS
14:55:50.556 [main] DEBUG org.testng.internal.Graph - [Graph] ADDING NODE BaseTest.setup()[pri:0, instance:null] -338447332
14:55:50.556 [main] DEBUG org.testng.internal.Graph - [Graph] ================ SORTING
14:55:50.556 [main] DEBUG org.testng.internal.Graph - [Graph]   ADDING PREDECESSOR FOR RoamingTest.setUpPage()[pri:0, instance:null] ==> BaseTest.setup()[pri:0, instance:null]
14:55:50.557 [main] DEBUG org.testng.internal.Graph - [Graph]   REMOVED PRED BaseTest.setup()[pri:0, instance:null] FROM NODE RoamingTest.setUpPage()[pri:0, instance:null]
14:55:50.557 [main] DEBUG org.testng.internal.Graph - [Graph] =============== DONE SORTING
14:55:50.557 [main] DEBUG org.testng.internal.Graph - [Graph] ====== SORTED NODES
14:55:50.557 [main] DEBUG org.testng.internal.Graph - [Graph]               BaseTest.setup()[pri:0, instance:null]
14:55:50.557 [main] DEBUG org.testng.internal.Graph - [Graph]               RoamingTest.setUpPage()[pri:0, instance:null]
14:55:50.557 [main] DEBUG org.testng.internal.Graph - [Graph] ====== END SORTED NODES
14:55:50.557 [main] DEBUG org.testng.internal.Graph - [Graph] ADDING NODE BaseTest.tearDown()[pri:0, instance:null] 1906136003
14:55:50.573 [main] DEBUG org.testng.internal.Graph - [Graph] ================ SORTING
14:55:50.581 [main] DEBUG org.testng.internal.Graph - [Graph] =============== DONE SORTING
14:55:50.581 [main] DEBUG org.testng.internal.Graph - [Graph] ====== SORTED NODES
14:55:50.581 [main] DEBUG org.testng.internal.Graph - [Graph] ====== END SORTED NODES
14:55:50.589 [main] DEBUG org.testng.internal.Graph - [Graph] ADDING NODE BaseTest.beforeMethod(java.lang.reflect.Method)[pri:0, instance:null] 338077919
14:55:50.597 [main] DEBUG org.testng.internal.Graph - [Graph] ================ SORTING
14:55:50.598 [main] DEBUG org.testng.internal.Graph - [Graph] =============== DONE SORTING
14:55:50.602 [main] DEBUG org.testng.internal.Graph - [Graph] ====== SORTED NODES
14:55:50.603 [main] DEBUG org.testng.internal.Graph - [Graph] ====== END SORTED NODES
14:55:50.614 [main] DEBUG org.testng.internal.Graph - [Graph] ADDING NODE BaseTest.initializeReport()[pri:0, instance:null] -695359101
14:55:50.614 [main] DEBUG org.testng.internal.Graph - [Graph] ================ SORTING
14:55:50.614 [main] DEBUG org.testng.internal.Graph - [Graph] =============== DONE SORTING
14:55:50.614 [main] DEBUG org.testng.internal.Graph - [Graph] ====== SORTED NODES
14:55:50.614 [main] DEBUG org.testng.internal.Graph - [Graph] ====== END SORTED NODES
14:55:50.617 [main] DEBUG org.testng.internal.Graph - [Graph] ADDING NODE BaseTest.closeReport()[pri:0, instance:null] -359576341
14:55:50.617 [main] DEBUG org.testng.internal.Graph - [Graph] ================ SORTING
14:55:50.617 [main] DEBUG org.testng.internal.Graph - [Graph] =============== DONE SORTING
14:55:50.618 [main] DEBUG org.testng.internal.Graph - [Graph] ====== SORTED NODES
14:55:50.618 [main] DEBUG org.testng.internal.Graph - [Graph] ====== END SORTED NODES
14:55:50.619 [main] DEBUG org.testng.internal.Graph - [Graph] ADDING NODE BaseTest.setup()[pri:0, instance:null] -338447332
14:55:50.619 [main] DEBUG org.testng.internal.Graph - [Graph] ================ SORTING
14:55:50.619 [main] DEBUG org.testng.internal.Graph - [Graph] =============== DONE SORTING
14:55:50.619 [main] DEBUG org.testng.internal.Graph - [Graph] ====== SORTED NODES
14:55:50.619 [main] DEBUG org.testng.internal.Graph - [Graph] ====== END SORTED NODES
14:55:50.620 [main] DEBUG org.testng.internal.Graph - [Graph] ADDING NODE BaseTest.tearDown()[pri:0, instance:null] 1906136003
14:55:50.620 [main] DEBUG org.testng.internal.Graph - [Graph] ================ SORTING
14:55:50.620 [main] DEBUG org.testng.internal.Graph - [Graph] =============== DONE SORTING
14:55:50.620 [main] DEBUG org.testng.internal.Graph - [Graph] ====== SORTED NODES
14:55:50.620 [main] DEBUG org.testng.internal.Graph - [Graph] ====== END SORTED NODES
14:55:50.621 [main] DEBUG org.testng.internal.Graph - [Graph] ADDING NODE BaseTest.beforeMethod(java.lang.reflect.Method)[pri:0, instance:null] 338077919
14:55:50.621 [main] DEBUG org.testng.internal.Graph - [Graph] ================ SORTING
14:55:50.621 [main] DEBUG org.testng.internal.Graph - [Graph] =============== DONE SORTING
14:55:50.621 [main] DEBUG org.testng.internal.Graph - [Graph] ====== SORTED NODES
14:55:50.621 [main] DEBUG org.testng.internal.Graph - [Graph] ====== END SORTED NODES
14:55:50.623 [main] DEBUG org.testng.internal.Graph - [Graph] ADDING NODE BaseTest.initializeReport()[pri:0, instance:null] -695359101
14:55:50.623 [main] DEBUG org.testng.internal.Graph - [Graph] ================ SORTING
14:55:50.623 [main] DEBUG org.testng.internal.Graph - [Graph] =============== DONE SORTING
14:55:50.623 [main] DEBUG org.testng.internal.Graph - [Graph] ====== SORTED NODES
14:55:50.623 [main] DEBUG org.testng.internal.Graph - [Graph] ====== END SORTED NODES
14:55:50.624 [main] DEBUG org.testng.internal.Graph - [Graph] ADDING NODE BaseTest.closeReport()[pri:0, instance:null] -359576341
14:55:50.624 [main] DEBUG org.testng.internal.Graph - [Graph] ================ SORTING
14:55:50.624 [main] DEBUG org.testng.internal.Graph - [Graph] =============== DONE SORTING
14:55:50.624 [main] DEBUG org.testng.internal.Graph - [Graph] ====== SORTED NODES
14:55:50.624 [main] DEBUG org.testng.internal.Graph - [Graph] ====== END SORTED NODES
14:55:50.634 [main] DEBUG org.testng.internal.Graph - [Graph] ADDING NODE BaseTest.setup()[pri:0, instance:null] -338447332
[...]
  </testcase>
  <testcase name="openWeatherTest" classname="Test.UtilityTest" time="0">
    <skipped message="Unable to create a new remote session. Please check the server log for more details. Original error: An unknown server-side error occurred while processing the command. Original error: Could not proxy command to the remote server. Original error: socket hang up&#10;Build info: version: &apos;3.141.59&apos;, revision: &apos;e82be7d358&apos;, time: &apos;2018-11-14T08:17:03&apos;&#10;System info: host: &apos;DESKTOP-F5MTO4C&apos;, ip: &apos;10.9.38.148&apos;, os.name: &apos;Windows 10&apos;, os.arch: &apos;amd64&apos;, os.version: &apos;10.0&apos;, java.version: &apos;21.0.6&apos;&#10;Driver info: driver.version: AndroidDriver&#10;remote stacktrace: UnknownError: An unknown server-side error occurred while processing the command. Original error: Could not proxy command to the remote server. Original error: socket hang up&#10;    at UIA2Proxy.command (C:\Users\User\AppData\Local\Programs\Appium Server GUI\resources\app\node_modules\appium\node_modules\appium-base-driver\lib\jsonwp-proxy\proxy.js:274:13)&#10;    at runMicrotasks (&lt;anonymous&gt;)&#10;    at processTicksAndRejections (internal/process/task_queues.js:97:5)&#10;    at AndroidUiautomator2Driver.commands.getDevicePixelRatio (C:\Users\User\AppData\Local\Programs\Appium Server GUI\resources\app\node_modules\appium\node_modules\appium-uiautomator2-driver\lib\commands\viewport.js:14:10)&#10;    at AndroidUiautomator2Driver.fillDeviceDetails (C:\Users\User\AppData\Local\Programs\Appium Server GUI\resources\app\node_modules\appium\node_modules\appium-uiautomator2-driver\lib\driver.js:244:28)&#10;    at AndroidUiautomator2Driver.createSession (C:\Users\User\AppData\Local\Programs\Appium Server GUI\resources\app\node_modules\appium\node_modules\appium-uiautomator2-driver\lib\driver.js:230:7)&#10;    at AppiumDriver.createSession (C:\Users\User\AppData\Local\Programs\Appium Server GUI\resources\app\node_modules\appium\lib\appium.js:387:35)&#10;Build info: version: &apos;3.141.59&apos;, revision: &apos;e82be7d358&apos;, time: &apos;2018-11-14T08:17:03&apos;&#10;System info: host: &apos;DESKTOP-F5MTO4C&apos;, ip: &apos;10.9.38.148&apos;, os.name: &apos;Windows 10&apos;, os.arch: &apos;amd64&apos;, os.version: &apos;10.0&apos;, java.version: &apos;21.0.6&apos;&#10;Driver info: driver.version: AndroidDriver"/>
  </testcase>
  <testcase name="openExchangeRateTest" classname="Test.UtilityTest" time="0">
    <skipped message="Unable to create a new remote session. Please check the server log for more details. Original error: An unknown server-side error occurred while processing the command. Original error: Could not proxy command to the remote server. Original error: socket hang up&#10;Build info: version: &apos;3.141.59&apos;, revision: &apos;e82be7d358&apos;, time: &apos;2018-11-14T08:17:03&apos;&#10;System info: host: &apos;DESKTOP-F5MTO4C&apos;, ip: &apos;10.9.38.148&apos;, os.name: &apos;Windows 10&apos;, os.arch: &apos;amd64&apos;, os.version: &apos;10.0&apos;, java.version: &apos;21.0.6&apos;&#10;Driver info: driver.version: AndroidDriver&#10;remote stacktrace: UnknownError: An unknown server-side error occurred while processing the command. Original error: Could not proxy command to the remote server. Original error: socket hang up&#10;    at UIA2Proxy.command (C:\Users\User\AppData\Local\Programs\Appium Server GUI\resources\app\node_modules\appium\node_modules\appium-base-driver\lib\jsonwp-proxy\proxy.js:274:13)&#10;    at runMicrotasks (&lt;anonymous&gt;)&#10;    at processTicksAndRejections (internal/process/task_queues.js:97:5)&#10;    at AndroidUiautomator2Driver.commands.getDevicePixelRatio (C:\Users\User\AppData\Local\Programs\Appium Server GUI\resources\app\node_modules\appium\node_modules\appium-uiautomator2-driver\lib\commands\viewport.js:14:10)&#10;    at AndroidUiautomator2Driver.fillDeviceDetails (C:\Users\User\AppData\Local\Programs\Appium Server GUI\resources\app\node_modules\appium\node_modules\appium-uiautomator2-driver\lib\driver.js:244:28)&#10;    at AndroidUiautomator2Driver.createSession (C:\Users\User\AppData\Local\Programs\Appium Server GUI\resources\app\node_modules\appium\node_modules\appium-uiautomator2-driver\lib\driver.js:230:7)&#10;    at AppiumDriver.createSession (C:\Users\User\AppData\Local\Programs\Appium Server GUI\resources\app\node_modules\appium\lib\appium.js:387:35)&#10;Build info: version: &apos;3.141.59&apos;, revision: &apos;e82be7d358&apos;, time: &apos;2018-11-14T08:17:03&apos;&#10;System info: host: &apos;DESKTOP-F5MTO4C&apos;, ip: &apos;10.9.38.148&apos;, os.name: &apos;Windows 10&apos;, os.arch: &apos;amd64&apos;, os.version: &apos;10.0&apos;, java.version: &apos;21.0.6&apos;&#10;Driver info: driver.version: AndroidDriver"/>
  </testcase>
  <testcase name="tearDown" classname="Test.UtilityTest" time="0">
    <skipped/>
  </testcase>
  <testcase name="setup" classname="Test.WificallingTest" time="19.524">
    <failure message="Unable to create a new remote session. Please check the server log for more details. Original error: An unknown server-side error occurred while processing the command. Original error: Could not proxy command to the remote server. Original error: socket hang up&#10;Build info: version: &apos;3.141.59&apos;, revision: &apos;e82be7d358&apos;, time: &apos;2018-11-14T08:17:03&apos;&#10;System info: host: &apos;DESKTOP-F5MTO4C&apos;, ip: &apos;10.9.38.148&apos;, os.name: &apos;Windows 10&apos;, os.arch: &apos;amd64&apos;, os.version: &apos;10.0&apos;, java.version: &apos;21.0.6&apos;&#10;Driver info: driver.version: AndroidDriver&#10;remote stacktrace: UnknownError: An unknown server-side error occurred while processing the command. Original error: Could not proxy command to the remote server. Original error: socket hang up&#10;    at UIA2Proxy.command (C:\Users\User\AppData\Local\Programs\Appium Server GUI\resources\app\node_modules\appium\node_modules\appium-base-driver\lib\jsonwp-proxy\proxy.js:274:13)&#10;    at runMicrotasks (&lt;anonymous&gt;)&#10;    at processTicksAndRejections (internal/process/task_queues.js:97:5)&#10;    at AndroidUiautomator2Driver.commands.getDevicePixelRatio (C:\Users\User\AppData\Local\Programs\Appium Server GUI\resources\app\node_modules\appium\node_modules\appium-uiautomator2-driver\lib\commands\viewport.js:14:10)&#10;    at AndroidUiautomator2Driver.fillDeviceDetails (C:\Users\User\AppData\Local\Programs\Appium Server GUI\resources\app\node_modules\appium\node_modules\appium-uiautomator2-driver\lib\driver.js:244:28)&#10;    at AndroidUiautomator2Driver.createSession (C:\Users\User\AppData\Local\Programs\Appium Server GUI\resources\app\node_modules\appium\node_modules\appium-uiautomator2-driver\lib\driver.js:230:7)&#10;    at AppiumDriver.createSession (C:\Users\User\AppData\Local\Programs\Appium Server GUI\resources\app\node_modules\appium\lib\appium.js:387:35)&#10;Build info: version: &apos;3.141.59&apos;, revision: &apos;e82be7d358&apos;, time: &apos;2018-11-14T08:17:03&apos;&#10;System info: host: &apos;DESKTOP-F5MTO4C&apos;, ip: &apos;10.9.38.148&apos;, os.name: &apos;Windows 10&apos;, os.arch: &apos;amd64&apos;, os.version: &apos;10.0&apos;, java.version: &apos;21.0.6&apos;&#10;Driver info: driver.version: AndroidDriver" type="org.openqa.selenium.SessionNotCreatedException"><![CDATA[org.openqa.selenium.SessionNotCreatedException: 
Unable to create a new remote session. Please check the server log for more details. Original error: An unknown server-side error occurred while processing the command. Original error: Could not proxy command to the remote server. Original error: socket hang up
Build info: version: '3.141.59', revision: 'e82be7d358', time: '2018-11-14T08:17:03'
System info: host: 'DESKTOP-F5MTO4C', ip: '10.9.38.148', os.name: 'Windows 10', os.arch: 'amd64', os.version: '10.0', java.version: '21.0.6'
Driver info: driver.version: AndroidDriver
remote stacktrace: UnknownError: An unknown server-side error occurred while processing the command. Original error: Could not proxy command to the remote server. Original error: socket hang up
    at UIA2Proxy.command (C:\Users\User\AppData\Local\Programs\Appium Server GUI\resources\app\node_modules\appium\node_modules\appium-base-driver\lib\jsonwp-proxy\proxy.js:274:13)
    at runMicrotasks (<anonymous>)
    at processTicksAndRejections (internal/process/task_queues.js:97:5)
    at AndroidUiautomator2Driver.commands.getDevicePixelRatio (C:\Users\User\AppData\Local\Programs\Appium Server GUI\resources\app\node_modules\appium\node_modules\appium-uiautomator2-driver\lib\commands\viewport.js:14:10)
    at AndroidUiautomator2Driver.fillDeviceDetails (C:\Users\User\AppData\Local\Programs\Appium Server GUI\resources\app\node_modules\appium\node_modules\appium-uiautomator2-driver\lib\driver.js:244:28)
    at AndroidUiautomator2Driver.createSession (C:\Users\User\AppData\Local\Programs\Appium Server GUI\resources\app\node_modules\appium\node_modules\appium-uiautomator2-driver\lib\driver.js:230:7)
    at AppiumDriver.createSession (C:\Users\User\AppData\Local\Programs\Appium Server GUI\resources\app\node_modules\appium\lib\appium.js:387:35)
Build info: version: '3.141.59', revision: 'e82be7d358', time: '2018-11-14T08:17:03'
System info: host: 'DESKTOP-F5MTO4C', ip: '10.9.38.148', os.name: 'Windows 10', os.arch: 'amd64', os.version: '10.0', java.version: '21.0.6'
Driver info: driver.version: AndroidDriver
	at io.appium.java_client.remote.AppiumCommandExecutor$1.createSession(AppiumCommandExecutor.java:216)
	at io.appium.java_client.remote.AppiumCommandExecutor.createSession(AppiumCommandExecutor.java:225)
	at io.appium.java_client.remote.AppiumCommandExecutor.execute(AppiumCommandExecutor.java:250)
	at org.openqa.selenium.remote.RemoteWebDriver.execute(RemoteWebDriver.java:552)
	at io.appium.java_client.DefaultGenericMobileDriver.execute(DefaultGenericMobileDriver.java:41)
	at io.appium.java_client.AppiumDriver.execute(AppiumDriver.java:1)
	at io.appium.java_client.android.AndroidDriver.execute(AndroidDriver.java:1)
	at org.openqa.selenium.remote.RemoteWebDriver.startSession(RemoteWebDriver.java:213)
	at io.appium.java_client.AppiumDriver.startSession(AppiumDriver.java:363)
	at org.openqa.selenium.remote.RemoteWebDriver.<init>(RemoteWebDriver.java:131)
	at io.appium.java_client.DefaultGenericMobileDriver.<init>(DefaultGenericMobileDriver.java:37)
	at io.appium.java_client.AppiumDriver.<init>(AppiumDriver.java:89)
	at io.appium.java_client.AppiumDriver.<init>(AppiumDriver.java:99)
	at io.appium.java_client.android.AndroidDriver.<init>(AndroidDriver.java:97)
	at Base.BaseTest.setup(BaseTest.java:37)
	at java.base/jdk.internal.reflect.DirectMethodHandleAccessor.invoke(DirectMethodHandleAccessor.java:103)
	at java.base/java.lang.reflect.Method.invoke(Method.java:580)
	at org.testng.internal.invokers.MethodInvocationHelper.invokeMethod(MethodInvocationHelper.java:139)
	at org.testng.internal.invokers.MethodInvocationHelper.invokeMethodConsideringTimeout(MethodInvocationHelper.java:69)
	at org.testng.internal.invokers.ConfigInvoker.invokeConfigurationMethod(ConfigInvoker.java:361)
	at org.testng.internal.invokers.ConfigInvoker.invokeConfigurations(ConfigInvoker.java:296)
	at org.testng.internal.invokers.TestMethodWorker.invokeBeforeClassMethods(TestMethodWorker.java:180)
	at org.testng.internal.invokers.TestMethodWorker.run(TestMethodWorker.java:122)
	at java.base/java.util.ArrayList.forEach(ArrayList.java:1596)
	at org.testng.TestRunner.privateRun(TestRunner.java:806)
	at org.testng.TestRunner.run(TestRunner.java:601)
	at org.testng.SuiteRunner.runTest(SuiteRunner.java:433)
	at org.testng.SuiteRunner.runSequentially(SuiteRunner.java:427)
	at org.testng.SuiteRunner.privateRun(SuiteRunner.java:387)
	at org.testng.SuiteRunner.run(SuiteRunner.java:330)
	at org.testng.SuiteRunnerWorker.runSuite(SuiteRunnerWorker.java:52)
	at org.testng.SuiteRunnerWorker.run(SuiteRunnerWorker.java:95)
	at org.testng.TestNG.runSuitesSequentially(TestNG.java:1256)
	at org.testng.TestNG.runSuitesLocally(TestNG.java:1176)
	at org.testng.TestNG.runSuites(TestNG.java:1099)
	at org.testng.TestNG.run(TestNG.java:1067)
	at org.apache.maven.surefire.testng.TestNGExecutor.run(TestNGExecutor.java:151)
	at org.apache.maven.surefire.testng.TestNGDirectoryTestSuite.executeMulti(TestNGDirectoryTestSuite.java:192)
	at org.apache.maven.surefire.testng.TestNGDirectoryTestSuite.execute(TestNGDirectoryTestSuite.java:93)
	at org.apache.maven.surefire.testng.TestNGProvider.invoke(TestNGProvider.java:155)
	at org.apache.maven.surefire.booter.ForkedBooter.runSuitesInProcess(ForkedBooter.java:456)
	at org.apache.maven.surefire.booter.ForkedBooter.execute(ForkedBooter.java:169)
	at org.apache.maven.surefire.booter.ForkedBooter.run(ForkedBooter.java:595)
	at org.apache.maven.surefire.booter.ForkedBooter.main(ForkedBooter.java:581)
Caused by: java.lang.reflect.InvocationTargetException
	at java.base/jdk.internal.reflect.DirectMethodHandleAccessor.invoke(DirectMethodHandleAccessor.java:118)
	at java.base/java.lang.reflect.Method.invoke(Method.java:580)
	at io.appium.java_client.remote.AppiumCommandExecutor$1.createSession(AppiumCommandExecutor.java:193)
	... 43 more
Caused by: org.openqa.selenium.WebDriverException: An unknown server-side error occurred while processing the command. Original error: Could not proxy command to the remote server. Original error: socket hang up
Build info: version: '3.141.59', revision: 'e82be7d358', time: '2018-11-14T08:17:03'
System info: host: 'DESKTOP-F5MTO4C', ip: '10.9.38.148', os.name: 'Windows 10', os.arch: 'amd64', os.version: '10.0', java.version: '21.0.6'
Driver info: driver.version: AndroidDriver
remote stacktrace: UnknownError: An unknown server-side error occurred while processing the command. Original error: Could not proxy command to the remote server. Original error: socket hang up
    at UIA2Proxy.command (C:\Users\User\AppData\Local\Programs\Appium Server GUI\resources\app\node_modules\appium\node_modules\appium-base-driver\lib\jsonwp-proxy\proxy.js:274:13)
    at runMicrotasks (<anonymous>)
    at processTicksAndRejections (internal/process/task_queues.js:97:5)
    at AndroidUiautomator2Driver.commands.getDevicePixelRatio (C:\Users\User\AppData\Local\Programs\Appium Server GUI\resources\app\node_modules\appium\node_modules\appium-uiautomator2-driver\lib\commands\viewport.js:14:10)
    at AndroidUiautomator2Driver.fillDeviceDetails (C:\Users\User\AppData\Local\Programs\Appium Server GUI\resources\app\node_modules\appium\node_modules\appium-uiautomator2-driver\lib\driver.js:244:28)
    at AndroidUiautomator2Driver.createSession (C:\Users\User\AppData\Local\Programs\Appium Server GUI\resources\app\node_modules\appium\node_modules\appium-uiautomator2-driver\lib\driver.js:230:7)
    at AppiumDriver.createSession (C:\Users\User\AppData\Local\Programs\Appium Server GUI\resources\app\node_modules\appium\lib\appium.js:387:35)
	at java.base/jdk.internal.reflect.DirectConstructorHandleAccessor.newInstance(DirectConstructorHandleAccessor.java:62)
	at java.base/java.lang.reflect.Constructor.newInstanceWithCaller(Constructor.java:502)
	at java.base/java.lang.reflect.Constructor.newInstance(Constructor.java:486)
	at org.openqa.selenium.remote.W3CHandshakeResponse.lambda$errorHandler$0(W3CHandshakeResponse.java:62)
	at org.openqa.selenium.remote.HandshakeResponse.lambda$getResponseFunction$0(HandshakeResponse.java:30)
	at org.openqa.selenium.remote.ProtocolHandshake.lambda$createSession$0(ProtocolHandshake.java:126)
	at java.base/java.util.stream.ReferencePipeline$3$1.accept(ReferencePipeline.java:197)
	at java.base/java.util.Spliterators$ArraySpliterator.tryAdvance(Spliterators.java:1034)
	at java.base/java.util.stream.ReferencePipeline.forEachWithCancel(ReferencePipeline.java:129)
	at java.base/java.util.stream.AbstractPipeline.copyIntoWithCancel(AbstractPipeline.java:527)
	at java.base/java.util.stream.AbstractPipeline.copyInto(AbstractPipeline.java:513)
	at java.base/java.util.stream.AbstractPipeline.wrapAndCopyInto(AbstractPipeline.java:499)
	at java.base/java.util.stream.FindOps$FindOp.evaluateSequential(FindOps.java:150)
	at java.base/java.util.stream.AbstractPipeline.evaluate(AbstractPipeline.java:234)
	at java.base/java.util.stream.ReferencePipeline.findFirst(ReferencePipeline.java:647)
	at org.openqa.selenium.remote.ProtocolHandshake.createSession(ProtocolHandshake.java:128)
	at java.base/jdk.internal.reflect.DirectMethodHandleAccessor.invoke(DirectMethodHandleAccessor.java:103)
	... 45 more
]]></failure>
  </testcase>
  <testcase name="beforeMethod" classname="Test.WificallingTest" time="0">
    <skipped/>
  </testcase>
  <testcase name="testhwificalling" classname="Test.WificallingTest" time="0">
    <skipped message="Unable to create a new remote session. Please check the server log for more details. Original error: An unknown server-side error occurred while processing the command. Original error: Could not proxy command to the remote server. Original error: socket hang up&#10;Build info: version: &apos;3.141.59&apos;, revision: &apos;e82be7d358&apos;, time: &apos;2018-11-14T08:17:03&apos;&#10;System info: host: &apos;DESKTOP-F5MTO4C&apos;, ip: &apos;10.9.38.148&apos;, os.name: &apos;Windows 10&apos;, os.arch: &apos;amd64&apos;, os.version: &apos;10.0&apos;, java.version: &apos;21.0.6&apos;&#10;Driver info: driver.version: AndroidDriver&#10;remote stacktrace: UnknownError: An unknown server-side error occurred while processing the command. Original error: Could not proxy command to the remote server. Original error: socket hang up&#10;    at UIA2Proxy.command (C:\Users\User\AppData\Local\Programs\Appium Server GUI\resources\app\node_modules\appium\node_modules\appium-base-driver\lib\jsonwp-proxy\proxy.js:274:13)&#10;    at runMicrotasks (&lt;anonymous&gt;)&#10;    at processTicksAndRejections (internal/process/task_queues.js:97:5)&#10;    at AndroidUiautomator2Driver.commands.getDevicePixelRatio (C:\Users\User\AppData\Local\Programs\Appium Server GUI\resources\app\node_modules\appium\node_modules\appium-uiautomator2-driver\lib\commands\viewport.js:14:10)&#10;    at AndroidUiautomator2Driver.fillDeviceDetails (C:\Users\User\AppData\Local\Programs\Appium Server GUI\resources\app\node_modules\appium\node_modules\appium-uiautomator2-driver\lib\driver.js:244:28)&#10;    at AndroidUiautomator2Driver.createSession (C:\Users\User\AppData\Local\Programs\Appium Server GUI\resources\app\node_modules\appium\node_modules\appium-uiautomator2-driver\lib\driver.js:230:7)&#10;    at AppiumDriver.createSession (C:\Users\User\AppData\Local\Programs\Appium Server GUI\resources\app\node_modules\appium\lib\appium.js:387:35)&#10;Build info: version: &apos;3.141.59&apos;, revision: &apos;e82be7d358&apos;, time: &apos;2018-11-14T08:17:03&apos;&#10;System info: host: &apos;DESKTOP-F5MTO4C&apos;, ip: &apos;10.9.38.148&apos;, os.name: &apos;Windows 10&apos;, os.arch: &apos;amd64&apos;, os.version: &apos;10.0&apos;, java.version: &apos;21.0.6&apos;&#10;Driver info: driver.version: AndroidDriver"/>
  </testcase>
  <testcase name="tearDown" classname="Test.WificallingTest" time="0">
    <skipped/>
  </testcase>
  <testcase name="closeReport" classname="Base.BaseTest" time="0">
    <skipped/>
  </testcase>
</testsuite>