<?xml version="1.0" encoding="UTF-8"?>
<testng-results ignored="0" total="1" passed="1" failed="0" skipped="0">
  <reporter-output>
  </reporter-output>
  <suite started-at="2025-06-02T02:45:18 NPT" name="Default suite" finished-at="2025-06-02T02:47:38 NPT" duration-ms="139938">
    <groups>
    </groups>
    <test started-at="2025-06-02T02:45:18 NPT" name="Default test" finished-at="2025-06-02T02:47:38 NPT" duration-ms="139938">
      <class name="Test.BestOfferTest">
        <test-method is-config="true" signature="initializeReport()[pri:0, instance:Test.BestOfferTest@36f48b4]" started-at="2025-06-02T02:45:18 NPT" name="initializeReport" finished-at="2025-06-02T02:45:18 NPT" duration-ms="34" status="PASS">
          <reporter-output>
          </reporter-output>
        </test-method> <!-- initializeReport -->
        <test-method is-config="true" signature="setup()[pri:0, instance:Test.BestOfferTest@36f48b4]" started-at="2025-06-02T02:45:19 NPT" name="setup" finished-at="2025-06-02T02:45:46 NPT" duration-ms="27185" status="PASS">
          <reporter-output>
          </reporter-output>
        </test-method> <!-- setup -->
        <test-method signature="BestOfferTest()[pri:0, instance:Test.BestOfferTest@36f48b4]" started-at="2025-06-02T02:45:46 NPT" name="BestOfferTest" finished-at="2025-06-02T02:47:36 NPT" duration-ms="110231" status="PASS">
          <reporter-output>
          </reporter-output>
        </test-method> <!-- BestOfferTest -->
        <test-method is-config="true" signature="tearDown()[pri:0, instance:Test.BestOfferTest@36f48b4]" started-at="2025-06-02T02:47:36 NPT" name="tearDown" finished-at="2025-06-02T02:47:38 NPT" duration-ms="2356" status="PASS">
          <reporter-output>
          </reporter-output>
        </test-method> <!-- tearDown -->
        <test-method is-config="true" signature="sendAutomationReports()[pri:0, instance:Test.BestOfferTest@36f48b4]" started-at="2025-06-02T02:47:44 NPT" name="sendAutomationReports" finished-at="2025-06-02T02:47:51 NPT" duration-ms="6354" status="PASS">
          <reporter-output>
          </reporter-output>
        </test-method> <!-- sendAutomationReports -->
        <test-method is-config="true" signature="closeReport()[pri:0, instance:Test.BestOfferTest@36f48b4]" started-at="2025-06-02T02:47:51 NPT" name="closeReport" finished-at="2025-06-02T02:47:51 NPT" depends-on-methods="Test.BestOfferTest.sendAutomationReports" duration-ms="101" status="PASS">
          <reporter-output>
          </reporter-output>
        </test-method> <!-- closeReport -->
      </class> <!-- Test.BestOfferTest -->
    </test> <!-- Default test -->
  </suite> <!-- Default suite -->
</testng-results>
